Running PHP script...
Connected to database.
Current Time: 13:29:00 11-03-2025
Starting game ID: 40
Called number: 49
Winner Found! Type: Middle Line, Ticket ID: 761
Winner Found! Type: Top Line, Ticket ID: 762
Winner Found! Type: Middle Line, Ticket ID: 762
Winner Found! Type: Star, Ticket ID: 762
Winner Found! Type: Middle Line, Ticket ID: 763
Winner Found! Type: Star, Ticket ID: 763
Winner Found! Type: Star, Ticket ID: 765
Winner Found! Type: Star, Ticket ID: 766
Winner Found! Type: Star, Ticket ID: 767
Winner Found! Type: Bottom Line, Ticket ID: 768
Winner Found! Type: Bottom Line, Ticket ID: 769
Winner Found! Type: Star, Ticket ID: 770
Winner Found! Type: Top Line, Ticket ID: 771
Winner Found! Type: Middle Line, Ticket ID: 772
Winner Found! Type: Bottom Line, Ticket ID: 772
Winner Found! Type: Star, Ticket ID: 772
Winner Found! Type: Bottom Line, Ticket ID: 773
Winner Found! Type: Star, Ticket ID: 773
Winner Found! Type: Top Line, Ticket ID: 774
Winner Found! Type: Star, Ticket ID: 774
Winner Found! Type: Top Line, Ticket ID: 775
Winner Found! Type: Star, Ticket ID: 776
Winner Found! Type: Top Line, Ticket ID: 780
Winner Found! Type: Star, Ticket ID: 780
Winner Found! Type: Middle Line, Ticket ID: 781
Winner Found! Type: Middle Line, Ticket ID: 782
Winner Found! Type: Top Line, Ticket ID: 784
Winner Found! Type: Middle Line, Ticket ID: 785
Winner Found! Type: Star, Ticket ID: 787
Winner Found! Type: Star, Ticket ID: 789
Winner Found! Type: Top Line, Ticket ID: 791
Winner Found! Type: Star, Ticket ID: 791
Winner Found! Type: Middle Line, Ticket ID: 792
Winner Found! Type: Star, Ticket ID: 794
Winner Found! Type: Middle Line, Ticket ID: 796
Winner Found! Type: Top Line, Ticket ID: 798
Winner Found! Type: Middle Line, Ticket ID: 798
Winner Found! Type: Star, Ticket ID: 798
Winner Found! Type: Top Line, Ticket ID: 801
Winner Found! Type: Star, Ticket ID: 801
Winner Found! Type: Star, Ticket ID: 806
Winner Found! Type: Middle Line, Ticket ID: 807
Winner Found! Type: Bottom Line, Ticket ID: 807
Winner Found! Type: Star, Ticket ID: 807
Winner Found! Type: Middle Line, Ticket ID: 809
Called number: 73
Winner Found! Type: Middle Line, Ticket ID: 761
Winner Found! Type: Top Line, Ticket ID: 762
Winner Found! Type: Middle Line, Ticket ID: 762
Winner Found! Type: Star, Ticket ID: 762
Winner Found! Type: Middle Line, Ticket ID: 763
Winner Found! Type: Star, Ticket ID: 763
Winner Found! Type: Star, Ticket ID: 765
Winner Found! Type: Star, Ticket ID: 766
Winner Found! Type: Star, Ticket ID: 767
Winner Found! Type: Bottom Line, Ticket ID: 768
Winner Found! Type: Bottom Line, Ticket ID: 769
Winner Found! Type: Star, Ticket ID: 769
Winner Found! Type: Star, Ticket ID: 770
Winner Found! Type: Top Line, Ticket ID: 771
Winner Found! Type: Middle Line, Ticket ID: 772
Winner Found! Type: Bottom Line, Ticket ID: 772
Winner Found! Type: Star, Ticket ID: 772
Winner Found! Type: Bottom Line, Ticket ID: 773
Winner Found! Type: Star, Ticket ID: 773
Winner Found! Type: Top Line, Ticket ID: 774
Winner Found! Type: Star, Ticket ID: 774
Winner Found! Type: Top Line, Ticket ID: 775
Winner Found! Type: Star, Ticket ID: 776
Winner Found! Type: Star, Ticket ID: 777
Winner Found! Type: Top Line, Ticket ID: 780
Winner Found! Type: Star, Ticket ID: 780
Winner Found! Type: Middle Line, Ticket ID: 781
Winner Found! Type: Star, Ticket ID: 781
Winner Found! Type: Middle Line, Ticket ID: 782
Winner Found! Type: Star, Ticket ID: 783
Winner Found! Type: Top Line, Ticket ID: 784
Winner Found! Type: Top Line, Ticket ID: 785
Winner Found! Type: Middle Line, Ticket ID: 785
Winner Found! Type: Top Line, Ticket ID: 787
Winner Found! Type: Star, Ticket ID: 787
Winner Found! Type: Star, Ticket ID: 789
Winner Found! Type: Top Line, Ticket ID: 791
Winner Found! Type: Star, Ticket ID: 791
Winner Found! Type: Middle Line, Ticket ID: 792
Winner Found! Type: Top Line, Ticket ID: 793
Winner Found! Type: Star, Ticket ID: 793
Winner Found! Type: Star, Ticket ID: 794
Winner Found! Type: Middle Line, Ticket ID: 796
Winner Found! Type: Top Line, Ticket ID: 798
Winner Found! Type: Middle Line, Ticket ID: 798
Winner Found! Type: Star, Ticket ID: 798
Winner Found! Type: Top Line, Ticket ID: 801
Winner Found! Type: Star, Ticket ID: 801
Winner Found! Type: Top Line, Ticket ID: 802
Winner Found! Type: Star, Ticket ID: 804
Winner Found! Type: Top Line, Ticket ID: 805
Winner Found! Type: Star, Ticket ID: 806
Winner Found! Type: Middle Line, Ticket ID: 807
Winner Found! Type: Bottom Line, Ticket ID: 807
Winner Found! Type: Star, Ticket ID: 807
Winner Found! Type: Middle Line, Ticket ID: 809
Called number: 46
Winner Found! Type: Middle Line, Ticket ID: 761
Winner Found! Type: Top Line, Ticket ID: 762
Winner Found! Type: Middle Line, Ticket ID: 762
Winner Found! Type: Star, Ticket ID: 762
Winner Found! Type: Middle Line, Ticket ID: 763
Winner Found! Type: Star, Ticket ID: 763
Winner Found! Type: Middle Line, Ticket ID: 764
Winner Found! Type: Star, Ticket ID: 765
Winner Found! Type: Star, Ticket ID: 766
Winner Found! Type: Star, Ticket ID: 767
Winner Found! Type: Bottom Line, Ticket ID: 768
Winner Found! Type: Top Line, Ticket ID: 769
Winner Found! Type: Bottom Line, Ticket ID: 769
Winner Found! Type: Star, Ticket ID: 769
Winner Found! Type: Star, Ticket ID: 770
Winner Found! Type: Top Line, Ticket ID: 771
Winner Found! Type: Middle Line, Ticket ID: 772
Winner Found! Type: Bottom Line, Ticket ID: 772
Winner Found! Type: Star, Ticket ID: 772
Winner Found! Type: Bottom Line, Ticket ID: 773
Winner Found! Type: Star, Ticket ID: 773
Winner Found! Type: Top Line, Ticket ID: 774
Winner Found! Type: Bottom Line, Ticket ID: 774
Winner Found! Type: Star, Ticket ID: 774
Winner Found! Type: Top Line, Ticket ID: 775
Winner Found! Type: Star, Ticket ID: 776
Winner Found! Type: Star, Ticket ID: 777
Winner Found! Type: Top Line, Ticket ID: 778
Winner Found! Type: Bottom Line, Ticket ID: 779
Winner Found! Type: Top Line, Ticket ID: 780
Winner Found! Type: Bottom Line, Ticket ID: 780
Winner Found! Type: Star, Ticket ID: 780
Winner Found! Type: Middle Line, Ticket ID: 781
Winner Found! Type: Star, Ticket ID: 781
Winner Found! Type: Middle Line, Ticket ID: 782
Winner Found! Type: Star, Ticket ID: 783
Winner Found! Type: Top Line, Ticket ID: 784
Winner Found! Type: Top Line, Ticket ID: 785
Winner Found! Type: Middle Line, Ticket ID: 785
Winner Found! Type: Top Line, Ticket ID: 787
Winner Found! Type: Star, Ticket ID: 787
Winner Found! Type: Star, Ticket ID: 789
Winner Found! Type: Top Line, Ticket ID: 791
Winner Found! Type: Star, Ticket ID: 791
Winner Found! Type: Middle Line, Ticket ID: 792
Winner Found! Type: Top Line, Ticket ID: 793
Winner Found! Type: Star, Ticket ID: 793
Winner Found! Type: Bottom Line, Ticket ID: 794
Winner Found! Type: Star, Ticket ID: 794
Winner Found! Type: Middle Line, Ticket ID: 796
Winner Found! Type: Top Line, Ticket ID: 798
Winner Found! Type: Middle Line, Ticket ID: 798
Winner Found! Type: Star, Ticket ID: 798
Winner Found! Type: Bottom Line, Ticket ID: 800
Winner Found! Type: Top Line, Ticket ID: 801
Winner Found! Type: Star, Ticket ID: 801
Winner Found! Type: Top Line, Ticket ID: 802
Winner Found! Type: Star, Ticket ID: 804
Winner Found! Type: Top Line, Ticket ID: 805
Winner Found! Type: Star, Ticket ID: 806
Winner Found! Type: Middle Line, Ticket ID: 807
Winner Found! Type: Bottom Line, Ticket ID: 807
Winner Found! Type: Star, Ticket ID: 807
Winner Found! Type: Middle Line, Ticket ID: 809
Winner Found! Type: Middle Line, Ticket ID: 810
Called number: 86
Winner Found! Type: Middle Line, Ticket ID: 761
Winner Found! Type: Top Line, Ticket ID: 762
Winner Found! Type: Middle Line, Ticket ID: 762
Winner Found! Type: Star, Ticket ID: 762
Winner Found! Type: Middle Line, Ticket ID: 763
Winner Found! Type: Star, Ticket ID: 763
Winner Found! Type: Middle Line, Ticket ID: 764
Winner Found! Type: Star, Ticket ID: 765
Winner Found! Type: Star, Ticket ID: 766
Winner Found! Type: Star, Ticket ID: 767
Winner Found! Type: Bottom Line, Ticket ID: 768
Winner Found! Type: Top Line, Ticket ID: 769
Winner Found! Type: Bottom Line, Ticket ID: 769
Winner Found! Type: Star, Ticket ID: 769
Winner Found! Type: Star, Ticket ID: 770
Winner Found! Type: Top Line, Ticket ID: 771
Winner Found! Type: Middle Line, Ticket ID: 772
Winner Found! Type: Bottom Line, Ticket ID: 772
Winner Found! Type: Star, Ticket ID: 772
Winner Found! Type: Bottom Line, Ticket ID: 773
Winner Found! Type: Star, Ticket ID: 773
Winner Found! Type: Top Line, Ticket ID: 774
Winner Found! Type: Bottom Line, Ticket ID: 774
Winner Found! Type: Star, Ticket ID: 774
Winner Found! Type: Top Line, Ticket ID: 775
Winner Found! Type: Star, Ticket ID: 776
Winner Found! Type: Star, Ticket ID: 777
Winner Found! Type: Top Line, Ticket ID: 778
Winner Found! Type: Bottom Line, Ticket ID: 779
Winner Found! Type: Top Line, Ticket ID: 780
Winner Found! Type: Bottom Line, Ticket ID: 780
Winner Found! Type: Star, Ticket ID: 780
Winner Found! Type: Middle Line, Ticket ID: 781
Winner Found! Type: Star, Ticket ID: 781
Winner Found! Type: Top Line, Ticket ID: 782
Winner Found! Type: Middle Line, Ticket ID: 782
Winner Found! Type: Star, Ticket ID: 783
Winner Found! Type: Top Line, Ticket ID: 784
Winner Found! Type: Top Line, Ticket ID: 785
Winner Found! Type: Middle Line, Ticket ID: 785
Winner Found! Type: Top Line, Ticket ID: 787
Winner Found! Type: Star, Ticket ID: 787
Winner Found! Type: Middle Line, Ticket ID: 789
Winner Found! Type: Star, Ticket ID: 789
Winner Found! Type: Middle Line, Ticket ID: 790
Winner Found! Type: Top Line, Ticket ID: 791
Winner Found! Type: Star, Ticket ID: 791
Winner Found! Type: Top Line, Ticket ID: 792
Winner Found! Type: Middle Line, Ticket ID: 792
Winner Found! Type: Top Line, Ticket ID: 793
Winner Found! Type: Star, Ticket ID: 793
Winner Found! Type: Bottom Line, Ticket ID: 794
Winner Found! Type: Star, Ticket ID: 794
Winner Found! Type: Middle Line, Ticket ID: 796
Winner Found! Type: Top Line, Ticket ID: 798
Winner Found! Type: Middle Line, Ticket ID: 798
Winner Found! Type: Star, Ticket ID: 798
Winner Found! Type: Bottom Line, Ticket ID: 800
Winner Found! Type: Top Line, Ticket ID: 801
Winner Found! Type: Star, Ticket ID: 801
Winner Found! Type: Top Line, Ticket ID: 802
Winner Found! Type: Middle Line, Ticket ID: 802
Winner Found! Type: Star, Ticket ID: 804
Winner Found! Type: Top Line, Ticket ID: 805
Winner Found! Type: Star, Ticket ID: 806
Winner Found! Type: Middle Line, Ticket ID: 807
Winner Found! Type: Bottom Line, Ticket ID: 807
Winner Found! Type: Star, Ticket ID: 807
Winner Found! Type: Middle Line, Ticket ID: 809
Winner Found! Type: Middle Line, Ticket ID: 810
Called number: 41
Winner Found! Type: Middle Line, Ticket ID: 761
Winner Found! Type: Top Line, Ticket ID: 762
Winner Found! Type: Middle Line, Ticket ID: 762
Winner Found! Type: Star, Ticket ID: 762
Winner Found! Type: Middle Line, Ticket ID: 763
Winner Found! Type: Star, Ticket ID: 763
Winner Found! Type: Middle Line, Ticket ID: 764
Winner Found! Type: Star, Ticket ID: 765
Winner Found! Type: Star, Ticket ID: 766
Winner Found! Type: Star, Ticket ID: 767
Winner Found! Type: Bottom Line, Ticket ID: 768
Winner Found! Type: Top Line, Ticket ID: 769
Winner Found! Type: Bottom Line, Ticket ID: 769
Winner Found! Type: Star, Ticket ID: 769
Winner Found! Type: Star, Ticket ID: 770
Winner Found! Type: Top Line, Ticket ID: 771
Winner Found! Type: Middle Line, Ticket ID: 772
Winner Found! Type: Bottom Line, Ticket ID: 772
Winner Found! Type: Star, Ticket ID: 772
Winner Found! Type: Bottom Line, Ticket ID: 773
Winner Found! Type: Star, Ticket ID: 773
Winner Found! Type: Top Line, Ticket ID: 774
Winner Found! Type: Bottom Line, Ticket ID: 774
Winner Found! Type: Star, Ticket ID: 774
Winner Found! Type: Top Line, Ticket ID: 775
Winner Found! Type: Star, Ticket ID: 776
Winner Found! Type: Star, Ticket ID: 777
Winner Found! Type: Top Line, Ticket ID: 778
Winner Found! Type: Bottom Line, Ticket ID: 779
Winner Found! Type: Top Line, Ticket ID: 780
Winner Found! Type: Bottom Line, Ticket ID: 780
Winner Found! Type: Star, Ticket ID: 780
Winner Found! Type: Middle Line, Ticket ID: 781
Winner Found! Type: Star, Ticket ID: 781
Winner Found! Type: Top Line, Ticket ID: 782
Winner Found! Type: Middle Line, Ticket ID: 782
Winner Found! Type: Star, Ticket ID: 783
Winner Found! Type: Top Line, Ticket ID: 784
Winner Found! Type: Top Line, Ticket ID: 785
Winner Found! Type: Middle Line, Ticket ID: 785
Winner Found! Type: Top Line, Ticket ID: 787
Winner Found! Type: Star, Ticket ID: 787
Winner Found! Type: Middle Line, Ticket ID: 789
Winner Found! Type: Star, Ticket ID: 789
Winner Found! Type: Middle Line, Ticket ID: 790
Winner Found! Type: Top Line, Ticket ID: 791
Winner Found! Type: Star, Ticket ID: 791
Winner Found! Type: Top Line, Ticket ID: 792
Winner Found! Type: Middle Line, Ticket ID: 792
Winner Found! Type: Top Line, Ticket ID: 793
Winner Found! Type: Star, Ticket ID: 793
Winner Found! Type: Bottom Line, Ticket ID: 794
Winner Found! Type: Star, Ticket ID: 794
Winner Found! Type: Middle Line, Ticket ID: 796
Winner Found! Type: Top Line, Ticket ID: 798
Winner Found! Type: Middle Line, Ticket ID: 798
Winner Found! Type: Star, Ticket ID: 798
Winner Found! Type: Bottom Line, Ticket ID: 800
Winner Found! Type: Top Line, Ticket ID: 801
Winner Found! Type: Star, Ticket ID: 801
Winner Found! Type: Top Line, Ticket ID: 802
Winner Found! Type: Middle Line, Ticket ID: 802
Winner Found! Type: Star, Ticket ID: 804
Winner Found! Type: Top Line, Ticket ID: 805
Winner Found! Type: Star, Ticket ID: 806
Winner Found! Type: Top Line, Ticket ID: 807
Winner Found! Type: Middle Line, Ticket ID: 807
Winner Found! Type: Bottom Line, Ticket ID: 807
Winner Found! Type: Star, Ticket ID: 807
Winner Found! Type: Middle Line, Ticket ID: 809
Winner Found! Type: Middle Line, Ticket ID: 810
Called number: 65
Winner Found! Type: Middle Line, Ticket ID: 761
Winner Found! Type: Top Line, Ticket ID: 762
Winner Found! Type: Middle Line, Ticket ID: 762
Winner Found! Type: Star, Ticket ID: 762
Winner Found! Type: Middle Line, Ticket ID: 763
Winner Found! Type: Star, Ticket ID: 763
Winner Found! Type: Middle Line, Ticket ID: 764
Winner Found! Type: Star, Ticket ID: 765
Winner Found! Type: Star, Ticket ID: 766
Winner Found! Type: Star, Ticket ID: 767
Winner Found! Type: Bottom Line, Ticket ID: 768
Winner Found! Type: Top Line, Ticket ID: 769
Winner Found! Type: Bottom Line, Ticket ID: 769
Winner Found! Type: Star, Ticket ID: 769
Winner Found! Type: Star, Ticket ID: 770
Winner Found! Type: Top Line, Ticket ID: 771
Winner Found! Type: Middle Line, Ticket ID: 772
Winner Found! Type: Bottom Line, Ticket ID: 772
Winner Found! Type: Star, Ticket ID: 772
Winner Found! Type: Bottom Line, Ticket ID: 773
Winner Found! Type: Star, Ticket ID: 773
Winner Found! Type: Top Line, Ticket ID: 774
Winner Found! Type: Bottom Line, Ticket ID: 774
Winner Found! Type: Star, Ticket ID: 774
Winner Found! Type: Top Line, Ticket ID: 775
Winner Found! Type: Star, Ticket ID: 776
Winner Found! Type: Star, Ticket ID: 777
Winner Found! Type: Top Line, Ticket ID: 778
Winner Found! Type: Bottom Line, Ticket ID: 779
Winner Found! Type: Top Line, Ticket ID: 780
Winner Found! Type: Bottom Line, Ticket ID: 780
Winner Found! Type: Star, Ticket ID: 780
Winner Found! Type: Middle Line, Ticket ID: 781
Winner Found! Type: Star, Ticket ID: 781
Winner Found! Type: Top Line, Ticket ID: 782
Winner Found! Type: Middle Line, Ticket ID: 782
Winner Found! Type: Star, Ticket ID: 783
Winner Found! Type: Top Line, Ticket ID: 784
Winner Found! Type: Top Line, Ticket ID: 785
Winner Found! Type: Middle Line, Ticket ID: 785
Winner Found! Type: Top Line, Ticket ID: 787
Winner Found! Type: Star, Ticket ID: 787
Winner Found! Type: Middle Line, Ticket ID: 789
Winner Found! Type: Star, Ticket ID: 789
Winner Found! Type: Middle Line, Ticket ID: 790
Winner Found! Type: Top Line, Ticket ID: 791
Winner Found! Type: Star, Ticket ID: 791
Winner Found! Type: Top Line, Ticket ID: 792
Winner Found! Type: Middle Line, Ticket ID: 792
Winner Found! Type: Top Line, Ticket ID: 793
Winner Found! Type: Star, Ticket ID: 793
Winner Found! Type: Bottom Line, Ticket ID: 794
Winner Found! Type: Star, Ticket ID: 794
Winner Found! Type: Middle Line, Ticket ID: 796
Winner Found! Type: Top Line, Ticket ID: 798
Winner Found! Type: Middle Line, Ticket ID: 798
Winner Found! Type: Star, Ticket ID: 798
Winner Found! Type: Bottom Line, Ticket ID: 800
Winner Found! Type: Top Line, Ticket ID: 801
Winner Found! Type: Star, Ticket ID: 801
Winner Found! Type: Top Line, Ticket ID: 802
Winner Found! Type: Middle Line, Ticket ID: 802
Winner Found! Type: Star, Ticket ID: 804
Winner Found! Type: Top Line, Ticket ID: 805
Winner Found! Type: Star, Ticket ID: 806
Winner Found! Type: Top Line, Ticket ID: 807
Winner Found! Type: Middle Line, Ticket ID: 807
Winner Found! Type: Bottom Line, Ticket ID: 807
Winner Found! Type: Star, Ticket ID: 807
Winner Found! Type: Middle Line, Ticket ID: 809
Winner Found! Type: Middle Line, Ticket ID: 810
Called number: 38
Winner Found! Type: Middle Line, Ticket ID: 761
Winner Found! Type: Top Line, Ticket ID: 762
Winner Found! Type: Middle Line, Ticket ID: 762
Winner Found! Type: Star, Ticket ID: 762
Winner Found! Type: Middle Line, Ticket ID: 763
Winner Found! Type: Star, Ticket ID: 763
Winner Found! Type: Middle Line, Ticket ID: 764
Winner Found! Type: Star, Ticket ID: 765
Winner Found! Type: Star, Ticket ID: 766
Winner Found! Type: Star, Ticket ID: 767
Winner Found! Type: Top Line, Ticket ID: 768
Winner Found! Type: Bottom Line, Ticket ID: 768
Winner Found! Type: Star, Ticket ID: 768
Winner Found! Type: Top Line, Ticket ID: 769
Winner Found! Type: Middle Line, Ticket ID: 769
Winner Found! Type: Bottom Line, Ticket ID: 769
Winner Found! Type: Star, Ticket ID: 769
Winner Found! Type: Star, Ticket ID: 770
Winner Found! Type: Top Line, Ticket ID: 771
Winner Found! Type: Middle Line, Ticket ID: 772
Winner Found! Type: Bottom Line, Ticket ID: 772
Winner Found! Type: Star, Ticket ID: 772
Winner Found! Type: Bottom Line, Ticket ID: 773
Winner Found! Type: Star, Ticket ID: 773
Winner Found! Type: Top Line, Ticket ID: 774
Winner Found! Type: Bottom Line, Ticket ID: 774
Winner Found! Type: Star, Ticket ID: 774
Winner Found! Type: Top Line, Ticket ID: 775
Winner Found! Type: Star, Ticket ID: 776
Winner Found! Type: Top Line, Ticket ID: 777
Winner Found! Type: Star, Ticket ID: 777
Winner Found! Type: Top Line, Ticket ID: 778
Winner Found! Type: Star, Ticket ID: 778
Winner Found! Type: Bottom Line, Ticket ID: 779
Winner Found! Type: Top Line, Ticket ID: 780
Winner Found! Type: Bottom Line, Ticket ID: 780
Winner Found! Type: Star, Ticket ID: 780
Winner Found! Type: Middle Line, Ticket ID: 781
Winner Found! Type: Star, Ticket ID: 781
Winner Found! Type: Top Line, Ticket ID: 782
Winner Found! Type: Middle Line, Ticket ID: 782
Winner Found! Type: Star, Ticket ID: 782
Winner Found! Type: Star, Ticket ID: 783
Winner Found! Type: Top Line, Ticket ID: 784
Winner Found! Type: Top Line, Ticket ID: 785
Winner Found! Type: Middle Line, Ticket ID: 785
Winner Found! Type: Top Line, Ticket ID: 787
Winner Found! Type: Star, Ticket ID: 787
Winner Found! Type: Middle Line, Ticket ID: 789
Winner Found! Type: Star, Ticket ID: 789
Winner Found! Type: Middle Line, Ticket ID: 790
Winner Found! Type: Top Line, Ticket ID: 791
Winner Found! Type: Star, Ticket ID: 791
Winner Found! Type: Top Line, Ticket ID: 792
Winner Found! Type: Middle Line, Ticket ID: 792
Winner Found! Type: Top Line, Ticket ID: 793
Winner Found! Type: Star, Ticket ID: 793
Winner Found! Type: Bottom Line, Ticket ID: 794
Winner Found! Type: Star, Ticket ID: 794
Winner Found! Type: Middle Line, Ticket ID: 796
Winner Found! Type: Middle Line, Ticket ID: 797
Winner Found! Type: Top Line, Ticket ID: 798
Winner Found! Type: Middle Line, Ticket ID: 798
Winner Found! Type: Star, Ticket ID: 798
Winner Found! Type: Bottom Line, Ticket ID: 800
Winner Found! Type: Top Line, Ticket ID: 801
Winner Found! Type: Star, Ticket ID: 801
Winner Found! Type: Top Line, Ticket ID: 802
Winner Found! Type: Middle Line, Ticket ID: 802
Winner Found! Type: Bottom Line, Ticket ID: 802
Winner Found! Type: Star, Ticket ID: 802
Winner Found! Type: Middle Line, Ticket ID: 803
Winner Found! Type: Star, Ticket ID: 803
Winner Found! Type: Star, Ticket ID: 804
Winner Found! Type: Top Line, Ticket ID: 805
Winner Found! Type: Star, Ticket ID: 806
Winner Found! Type: Top Line, Ticket ID: 807
Winner Found! Type: Middle Line, Ticket ID: 807
Winner Found! Type: Bottom Line, Ticket ID: 807
Winner Found! Type: Star, Ticket ID: 807
Winner Found! Type: Top Line, Ticket ID: 808
Winner Found! Type: Middle Line, Ticket ID: 809
Winner Found! Type: Middle Line, Ticket ID: 810
Called number: 34
Winner Found! Type: Middle Line, Ticket ID: 761
Winner Found! Type: Top Line, Ticket ID: 762
Winner Found! Type: Middle Line, Ticket ID: 762
Winner Found! Type: Star, Ticket ID: 762
Winner Found! Type: Middle Line, Ticket ID: 763
Winner Found! Type: Star, Ticket ID: 763
Winner Found! Type: Middle Line, Ticket ID: 764
Winner Found! Type: Star, Ticket ID: 765
Winner Found! Type: Star, Ticket ID: 766
Winner Found! Type: Star, Ticket ID: 767
Winner Found! Type: Top Line, Ticket ID: 768
Winner Found! Type: Bottom Line, Ticket ID: 768
Winner Found! Type: Star, Ticket ID: 768
Winner Found! Type: Top Line, Ticket ID: 769
Winner Found! Type: Middle Line, Ticket ID: 769
Winner Found! Type: Bottom Line, Ticket ID: 769
Winner Found! Type: Star, Ticket ID: 769
Winner Found! Type: Star, Ticket ID: 770
Winner Found! Type: Top Line, Ticket ID: 771
Winner Found! Type: Middle Line, Ticket ID: 772
Winner Found! Type: Bottom Line, Ticket ID: 772
Winner Found! Type: Star, Ticket ID: 772
Winner Found! Type: Bottom Line, Ticket ID: 773
Winner Found! Type: Star, Ticket ID: 773
Winner Found! Type: Top Line, Ticket ID: 774
Winner Found! Type: Bottom Line, Ticket ID: 774
Winner Found! Type: Star, Ticket ID: 774
Winner Found! Type: Top Line, Ticket ID: 775
Winner Found! Type: Star, Ticket ID: 776
Winner Found! Type: Top Line, Ticket ID: 777
Winner Found! Type: Star, Ticket ID: 777
Winner Found! Type: Top Line, Ticket ID: 778
Winner Found! Type: Star, Ticket ID: 778
Winner Found! Type: Bottom Line, Ticket ID: 779
Winner Found! Type: Top Line, Ticket ID: 780
Winner Found! Type: Bottom Line, Ticket ID: 780
Winner Found! Type: Star, Ticket ID: 780
Winner Found! Type: Middle Line, Ticket ID: 781
Winner Found! Type: Star, Ticket ID: 781
Winner Found! Type: Top Line, Ticket ID: 782
Winner Found! Type: Middle Line, Ticket ID: 782
Winner Found! Type: Star, Ticket ID: 782
Winner Found! Type: Star, Ticket ID: 783
Winner Found! Type: Top Line, Ticket ID: 784
Winner Found! Type: Top Line, Ticket ID: 785
Winner Found! Type: Middle Line, Ticket ID: 785
Winner Found! Type: Top Line, Ticket ID: 787
Winner Found! Type: Star, Ticket ID: 787
Winner Found! Type: Middle Line, Ticket ID: 789
Winner Found! Type: Star, Ticket ID: 789
Winner Found! Type: Middle Line, Ticket ID: 790
Winner Found! Type: Top Line, Ticket ID: 791
Winner Found! Type: Star, Ticket ID: 791
Winner Found! Type: Top Line, Ticket ID: 792
Winner Found! Type: Middle Line, Ticket ID: 792
Winner Found! Type: Top Line, Ticket ID: 793
Winner Found! Type: Star, Ticket ID: 793
Winner Found! Type: Bottom Line, Ticket ID: 794
Winner Found! Type: Star, Ticket ID: 794
Winner Found! Type: Middle Line, Ticket ID: 796
Winner Found! Type: Middle Line, Ticket ID: 797
Winner Found! Type: Top Line, Ticket ID: 798
Winner Found! Type: Middle Line, Ticket ID: 798
Winner Found! Type: Star, Ticket ID: 798
Winner Found! Type: Bottom Line, Ticket ID: 800
Winner Found! Type: Top Line, Ticket ID: 801
Winner Found! Type: Star, Ticket ID: 801
Winner Found! Type: Top Line, Ticket ID: 802
Winner Found! Type: Middle Line, Ticket ID: 802
Winner Found! Type: Bottom Line, Ticket ID: 802
Winner Found! Type: Star, Ticket ID: 802
Winner Found! Type: Middle Line, Ticket ID: 803
Winner Found! Type: Star, Ticket ID: 803
Winner Found! Type: Star, Ticket ID: 804
Winner Found! Type: Top Line, Ticket ID: 805
Winner Found! Type: Star, Ticket ID: 806
Winner Found! Type: Top Line, Ticket ID: 807
Winner Found! Type: Middle Line, Ticket ID: 807
Winner Found! Type: Bottom Line, Ticket ID: 807
Winner Found! Type: Star, Ticket ID: 807
Winner Found! Type: Top Line, Ticket ID: 808
Winner Found! Type: Middle Line, Ticket ID: 809
Winner Found! Type: Middle Line, Ticket ID: 810
Called number: 56
Winner Found! Type: Middle Line, Ticket ID: 761
Winner Found! Type: Top Line, Ticket ID: 762
Winner Found! Type: Middle Line, Ticket ID: 762
Winner Found! Type: Bottom Line, Ticket ID: 762
Winner Found! Type: Star, Ticket ID: 762
Winner Found! Type: Middle Line, Ticket ID: 763
Winner Found! Type: Star, Ticket ID: 763
Winner Found! Type: Middle Line, Ticket ID: 764
Winner Found! Type: Star, Ticket ID: 765
Winner Found! Type: Star, Ticket ID: 766
Winner Found! Type: Star, Ticket ID: 767
Winner Found! Type: Top Line, Ticket ID: 768
Winner Found! Type: Bottom Line, Ticket ID: 768
Winner Found! Type: Star, Ticket ID: 768
Winner Found! Type: Top Line, Ticket ID: 769
Winner Found! Type: Middle Line, Ticket ID: 769
Winner Found! Type: Bottom Line, Ticket ID: 769
Winner Found! Type: Star, Ticket ID: 769
Winner Found! Type: Star, Ticket ID: 770
Winner Found! Type: Top Line, Ticket ID: 771
Winner Found! Type: Middle Line, Ticket ID: 771
Winner Found! Type: Star, Ticket ID: 771
Winner Found! Type: Middle Line, Ticket ID: 772
Winner Found! Type: Bottom Line, Ticket ID: 772
Winner Found! Type: Star, Ticket ID: 772
Winner Found! Type: Bottom Line, Ticket ID: 773
Winner Found! Type: Star, Ticket ID: 773
Winner Found! Type: Top Line, Ticket ID: 774
Winner Found! Type: Middle Line, Ticket ID: 774
Winner Found! Type: Bottom Line, Ticket ID: 774
Winner Found! Type: Star, Ticket ID: 774
Winner Found! Type: Top Line, Ticket ID: 775
Winner Found! Type: Bottom Line, Ticket ID: 776
Winner Found! Type: Star, Ticket ID: 776
Winner Found! Type: Top Line, Ticket ID: 777
Winner Found! Type: Star, Ticket ID: 777
Winner Found! Type: Top Line, Ticket ID: 778
Winner Found! Type: Star, Ticket ID: 778
Winner Found! Type: Bottom Line, Ticket ID: 779
Winner Found! Type: Top Line, Ticket ID: 780
Winner Found! Type: Bottom Line, Ticket ID: 780
Winner Found! Type: Star, Ticket ID: 780
Winner Found! Type: Middle Line, Ticket ID: 781
Winner Found! Type: Star, Ticket ID: 781
Winner Found! Type: Top Line, Ticket ID: 782
Winner Found! Type: Middle Line, Ticket ID: 782
Winner Found! Type: Star, Ticket ID: 782
Winner Found! Type: Star, Ticket ID: 783
Winner Found! Type: Top Line, Ticket ID: 784
Winner Found! Type: Top Line, Ticket ID: 785
Winner Found! Type: Middle Line, Ticket ID: 785
Winner Found! Type: Top Line, Ticket ID: 787
Winner Found! Type: Middle Line, Ticket ID: 787
Winner Found! Type: Star, Ticket ID: 787
Winner Found! Type: Top Line, Ticket ID: 789
Winner Found! Type: Middle Line, Ticket ID: 789
Winner Found! Type: Star, Ticket ID: 789
Winner Found! Type: Middle Line, Ticket ID: 790
Winner Found! Type: Top Line, Ticket ID: 791
Winner Found! Type: Star, Ticket ID: 791
Winner Found! Type: Top Line, Ticket ID: 792
Winner Found! Type: Middle Line, Ticket ID: 792
Winner Found! Type: Top Line, Ticket ID: 793
Winner Found! Type: Star, Ticket ID: 793
Winner Found! Type: Bottom Line, Ticket ID: 794
Winner Found! Type: Star, Ticket ID: 794
Winner Found! Type: Middle Line, Ticket ID: 796
Winner Found! Type: Middle Line, Ticket ID: 797
Winner Found! Type: Top Line, Ticket ID: 798
Winner Found! Type: Middle Line, Ticket ID: 798
Winner Found! Type: Bottom Line, Ticket ID: 798
Winner Found! Type: Star, Ticket ID: 798
Winner Found! Type: Middle Line, Ticket ID: 800
Winner Found! Type: Bottom Line, Ticket ID: 800
Winner Found! Type: Top Line, Ticket ID: 801
Winner Found! Type: Middle Line, Ticket ID: 801
Winner Found! Type: Star, Ticket ID: 801
Winner Found! Type: Top Line, Ticket ID: 802
Winner Found! Type: Middle Line, Ticket ID: 802
Winner Found! Type: Bottom Line, Ticket ID: 802
Winner Found! Type: Star, Ticket ID: 802
Winner Found! Type: Top Line, Ticket ID: 803
Winner Found! Type: Middle Line, Ticket ID: 803
Winner Found! Type: Star, Ticket ID: 803
Winner Found! Type: Top Line, Ticket ID: 804
Winner Found! Type: Star, Ticket ID: 804
Winner Found! Type: Top Line, Ticket ID: 805
Winner Found! Type: Star, Ticket ID: 806
Winner Found! Type: Top Line, Ticket ID: 807
Winner Found! Type: Middle Line, Ticket ID: 807
Winner Found! Type: Bottom Line, Ticket ID: 807
Winner Found! Type: Star, Ticket ID: 807
Winner Found! Type: Top Line, Ticket ID: 808
Winner Found! Type: Middle Line, Ticket ID: 809
Winner Found! Type: Middle Line, Ticket ID: 810
Winner Found! Type: Bottom Line, Ticket ID: 810
Called number: 33
Winner Found! Type: Middle Line, Ticket ID: 761
Winner Found! Type: Star, Ticket ID: 761
Winner Found! Type: Top Line, Ticket ID: 762
Winner Found! Type: Middle Line, Ticket ID: 762
Winner Found! Type: Bottom Line, Ticket ID: 762
Winner Found! Type: Star, Ticket ID: 762
Winner Found! Type: Middle Line, Ticket ID: 763
Winner Found! Type: Star, Ticket ID: 763
Winner Found! Type: Middle Line, Ticket ID: 764
Winner Found! Type: Star, Ticket ID: 765
Winner Found! Type: Star, Ticket ID: 766
Winner Found! Type: Star, Ticket ID: 767
Winner Found! Type: Top Line, Ticket ID: 768
Winner Found! Type: Bottom Line, Ticket ID: 768
Winner Found! Type: Star, Ticket ID: 768
Winner Found! Type: Top Line, Ticket ID: 769
Winner Found! Type: Middle Line, Ticket ID: 769
Winner Found! Type: Bottom Line, Ticket ID: 769
Winner Found! Type: Star, Ticket ID: 769
Winner Found! Type: Star, Ticket ID: 770
Winner Found! Type: Top Line, Ticket ID: 771
Winner Found! Type: Middle Line, Ticket ID: 771
Winner Found! Type: Star, Ticket ID: 771
Winner Found! Type: Middle Line, Ticket ID: 772
Winner Found! Type: Bottom Line, Ticket ID: 772
Winner Found! Type: Star, Ticket ID: 772
Winner Found! Type: Bottom Line, Ticket ID: 773
Winner Found! Type: Star, Ticket ID: 773
Winner Found! Type: Top Line, Ticket ID: 774
Winner Found! Type: Middle Line, Ticket ID: 774
Winner Found! Type: Bottom Line, Ticket ID: 774
Winner Found! Type: Star, Ticket ID: 774
Winner Found! Type: Top Line, Ticket ID: 775
Winner Found! Type: Bottom Line, Ticket ID: 776
Winner Found! Type: Star, Ticket ID: 776
Winner Found! Type: Top Line, Ticket ID: 777
Winner Found! Type: Star, Ticket ID: 777
Winner Found! Type: Top Line, Ticket ID: 778
Winner Found! Type: Star, Ticket ID: 778
Winner Found! Type: Bottom Line, Ticket ID: 779
Winner Found! Type: Top Line, Ticket ID: 780
Winner Found! Type: Bottom Line, Ticket ID: 780
Winner Found! Type: Star, Ticket ID: 780
Winner Found! Type: Middle Line, Ticket ID: 781
Winner Found! Type: Star, Ticket ID: 781
Winner Found! Type: Top Line, Ticket ID: 782
Winner Found! Type: Middle Line, Ticket ID: 782
Winner Found! Type: Star, Ticket ID: 782
Winner Found! Type: Star, Ticket ID: 783
Winner Found! Type: Top Line, Ticket ID: 784
Winner Found! Type: Top Line, Ticket ID: 785
Winner Found! Type: Middle Line, Ticket ID: 785
Winner Found! Type: Top Line, Ticket ID: 787
Winner Found! Type: Middle Line, Ticket ID: 787
Winner Found! Type: Star, Ticket ID: 787
Winner Found! Type: Top Line, Ticket ID: 789
Winner Found! Type: Middle Line, Ticket ID: 789
Winner Found! Type: Star, Ticket ID: 789
Winner Found! Type: Middle Line, Ticket ID: 790
Winner Found! Type: Top Line, Ticket ID: 791
Winner Found! Type: Star, Ticket ID: 791
Winner Found! Type: Top Line, Ticket ID: 792
Winner Found! Type: Middle Line, Ticket ID: 792
Winner Found! Type: Top Line, Ticket ID: 793
Winner Found! Type: Star, Ticket ID: 793
Winner Found! Type: Bottom Line, Ticket ID: 794
Winner Found! Type: Star, Ticket ID: 794
Winner Found! Type: Middle Line, Ticket ID: 796
Winner Found! Type: Middle Line, Ticket ID: 797
Winner Found! Type: Top Line, Ticket ID: 798
Winner Found! Type: Middle Line, Ticket ID: 798
Winner Found! Type: Bottom Line, Ticket ID: 798
Winner Found! Type: Star, Ticket ID: 798
Winner Found! Type: Middle Line, Ticket ID: 800
Winner Found! Type: Bottom Line, Ticket ID: 800
Winner Found! Type: Top Line, Ticket ID: 801
Winner Found! Type: Middle Line, Ticket ID: 801
Winner Found! Type: Star, Ticket ID: 801
Winner Found! Type: Top Line, Ticket ID: 802
Winner Found! Type: Middle Line, Ticket ID: 802
Winner Found! Type: Bottom Line, Ticket ID: 802
Winner Found! Type: Star, Ticket ID: 802
Winner Found! Type: Top Line, Ticket ID: 803
Winner Found! Type: Middle Line, Ticket ID: 803
Winner Found! Type: Star, Ticket ID: 803
Winner Found! Type: Top Line, Ticket ID: 804
Winner Found! Type: Star, Ticket ID: 804
Winner Found! Type: Top Line, Ticket ID: 805
Winner Found! Type: Star, Ticket ID: 806
Winner Found! Type: Top Line, Ticket ID: 807
Winner Found! Type: Middle Line, Ticket ID: 807
Winner Found! Type: Bottom Line, Ticket ID: 807
Winner Found! Type: Star, Ticket ID: 807
Winner Found! Type: Top Line, Ticket ID: 808
Winner Found! Type: Middle Line, Ticket ID: 809
Winner Found! Type: Star, Ticket ID: 809
Winner Found! Type: Top Line, Ticket ID: 810
Winner Found! Type: Middle Line, Ticket ID: 810
Winner Found! Type: Bottom Line, Ticket ID: 810
Winner Found! Type: Star, Ticket ID: 810
Called number: 67
Winner Found! Type: Middle Line, Ticket ID: 761
Winner Found! Type: Star, Ticket ID: 761
Winner Found! Type: Top Line, Ticket ID: 762
Winner Found! Type: Middle Line, Ticket ID: 762
Winner Found! Type: Bottom Line, Ticket ID: 762
Winner Found! Type: Star, Ticket ID: 762
Winner Found! Type: Middle Line, Ticket ID: 763
Winner Found! Type: Star, Ticket ID: 763
Winner Found! Type: Middle Line, Ticket ID: 764
Winner Found! Type: Star, Ticket ID: 765
Winner Found! Type: Star, Ticket ID: 766
Winner Found! Type: Star, Ticket ID: 767
Winner Found! Type: Top Line, Ticket ID: 768
Winner Found! Type: Bottom Line, Ticket ID: 768
Winner Found! Type: Star, Ticket ID: 768
Winner Found! Type: Top Line, Ticket ID: 769
Winner Found! Type: Middle Line, Ticket ID: 769
Winner Found! Type: Bottom Line, Ticket ID: 769
Winner Found! Type: Star, Ticket ID: 769
Winner Found! Type: Star, Ticket ID: 770
Winner Found! Type: Top Line, Ticket ID: 771
Winner Found! Type: Middle Line, Ticket ID: 771
Winner Found! Type: Star, Ticket ID: 771
Winner Found! Type: Middle Line, Ticket ID: 772
Winner Found! Type: Bottom Line, Ticket ID: 772
Winner Found! Type: Star, Ticket ID: 772
Winner Found! Type: Bottom Line, Ticket ID: 773
Winner Found! Type: Star, Ticket ID: 773
Winner Found! Type: Top Line, Ticket ID: 774
Winner Found! Type: Middle Line, Ticket ID: 774
Winner Found! Type: Bottom Line, Ticket ID: 774
Winner Found! Type: Star, Ticket ID: 774
Winner Found! Type: Top Line, Ticket ID: 775
Winner Found! Type: Bottom Line, Ticket ID: 776
Winner Found! Type: Star, Ticket ID: 776
Winner Found! Type: Top Line, Ticket ID: 777
Winner Found! Type: Star, Ticket ID: 777
Winner Found! Type: Top Line, Ticket ID: 778
Winner Found! Type: Star, Ticket ID: 778
Winner Found! Type: Bottom Line, Ticket ID: 779
Winner Found! Type: Top Line, Ticket ID: 780
Winner Found! Type: Bottom Line, Ticket ID: 780
Winner Found! Type: Star, Ticket ID: 780
Winner Found! Type: Middle Line, Ticket ID: 781
Winner Found! Type: Bottom Line, Ticket ID: 781
Winner Found! Type: Star, Ticket ID: 781
Winner Found! Type: Top Line, Ticket ID: 782
Winner Found! Type: Middle Line, Ticket ID: 782
Winner Found! Type: Star, Ticket ID: 782
Winner Found! Type: Bottom Line, Ticket ID: 783
Winner Found! Type: Star, Ticket ID: 783
Winner Found! Type: Top Line, Ticket ID: 784
Winner Found! Type: Top Line, Ticket ID: 785
Winner Found! Type: Middle Line, Ticket ID: 785
Winner Found! Type: Middle Line, Ticket ID: 786
Winner Found! Type: Top Line, Ticket ID: 787
Winner Found! Type: Middle Line, Ticket ID: 787
Winner Found! Type: Star, Ticket ID: 787
Winner Found! Type: Top Line, Ticket ID: 789
Winner Found! Type: Middle Line, Ticket ID: 789
Winner Found! Type: Star, Ticket ID: 789
Winner Found! Type: Middle Line, Ticket ID: 790
Winner Found! Type: Top Line, Ticket ID: 791
Winner Found! Type: Star, Ticket ID: 791
Winner Found! Type: Top Line, Ticket ID: 792
Winner Found! Type: Middle Line, Ticket ID: 792
Winner Found! Type: Top Line, Ticket ID: 793
Winner Found! Type: Star, Ticket ID: 793
Winner Found! Type: Bottom Line, Ticket ID: 794
Winner Found! Type: Star, Ticket ID: 794
Winner Found! Type: Middle Line, Ticket ID: 796
Winner Found! Type: Middle Line, Ticket ID: 797
Winner Found! Type: Top Line, Ticket ID: 798
Winner Found! Type: Middle Line, Ticket ID: 798
Winner Found! Type: Bottom Line, Ticket ID: 798
Winner Found! Type: Star, Ticket ID: 798
Winner Found! Type: Middle Line, Ticket ID: 800
Winner Found! Type: Bottom Line, Ticket ID: 800
Winner Found! Type: Top Line, Ticket ID: 801
Winner Found! Type: Middle Line, Ticket ID: 801
Winner Found! Type: Star, Ticket ID: 801
Winner Found! Type: Top Line, Ticket ID: 802
Winner Found! Type: Middle Line, Ticket ID: 802
Winner Found! Type: Bottom Line, Ticket ID: 802
Winner Found! Type: Star, Ticket ID: 802
Winner Found! Type: Top Line, Ticket ID: 803
Winner Found! Type: Middle Line, Ticket ID: 803
Winner Found! Type: Star, Ticket ID: 803
Winner Found! Type: Top Line, Ticket ID: 804
Winner Found! Type: Star, Ticket ID: 804
Winner Found! Type: Top Line, Ticket ID: 805
Winner Found! Type: Middle Line, Ticket ID: 805
Winner Found! Type: Star, Ticket ID: 806
Winner Found! Type: Top Line, Ticket ID: 807
Winner Found! Type: Middle Line, Ticket ID: 807
Winner Found! Type: Bottom Line, Ticket ID: 807
Winner Found! Type: Star, Ticket ID: 807
Winner Found! Type: Top Line, Ticket ID: 808
Winner Found! Type: Middle Line, Ticket ID: 809
Winner Found! Type: Star, Ticket ID: 809
Winner Found! Type: Top Line, Ticket ID: 810
Winner Found! Type: Middle Line, Ticket ID: 810
Winner Found! Type: Bottom Line, Ticket ID: 810
Winner Found! Type: Star, Ticket ID: 810
Called number: 93
Winner Found! Type: Top Line, Ticket ID: 761
Winner Found! Type: Middle Line, Ticket ID: 761
Winner Found! Type: Star, Ticket ID: 761
Winner Found! Type: Top Line, Ticket ID: 762
Winner Found! Type: Middle Line, Ticket ID: 762
Winner Found! Type: Bottom Line, Ticket ID: 762
Winner Found! Type: Star, Ticket ID: 762
Winner Found! Type: Middle Line, Ticket ID: 763
Winner Found! Type: Star, Ticket ID: 763
Winner Found! Type: Middle Line, Ticket ID: 764
Winner Found! Type: Star, Ticket ID: 765
Winner Found! Type: Bottom Line, Ticket ID: 766
Winner Found! Type: Star, Ticket ID: 766
Winner Found! Type: Top Line, Ticket ID: 767
Winner Found! Type: Bottom Line, Ticket ID: 767
Winner Found! Type: Star, Ticket ID: 767
Winner Found! Type: Top Line, Ticket ID: 768
Winner Found! Type: Bottom Line, Ticket ID: 768
Winner Found! Type: Star, Ticket ID: 768
Winner Found! Type: Top Line, Ticket ID: 769
Winner Found! Type: Middle Line, Ticket ID: 769
Winner Found! Type: Bottom Line, Ticket ID: 769
Winner Found! Type: Star, Ticket ID: 769
Winner Found! Type: Star, Ticket ID: 770
Winner Found! Type: Top Line, Ticket ID: 771
Winner Found! Type: Middle Line, Ticket ID: 771
Winner Found! Type: Star, Ticket ID: 771
Winner Found! Type: Middle Line, Ticket ID: 772
Winner Found! Type: Bottom Line, Ticket ID: 772
Winner Found! Type: Star, Ticket ID: 772
Winner Found! Type: Top Line, Ticket ID: 773
Winner Found! Type: Bottom Line, Ticket ID: 773
Winner Found! Type: Star, Ticket ID: 773
Winner Found! Type: Top Line, Ticket ID: 774
Winner Found! Type: Middle Line, Ticket ID: 774
Winner Found! Type: Bottom Line, Ticket ID: 774
Winner Found! Type: Star, Ticket ID: 774
Winner Found! Type: Top Line, Ticket ID: 775
Winner Found! Type: Middle Line, Ticket ID: 775
Winner Found! Type: Top Line, Ticket ID: 776
Winner Found! Type: Bottom Line, Ticket ID: 776
Winner Found! Type: Star, Ticket ID: 776
Winner Found! Type: Top Line, Ticket ID: 777
Winner Found! Type: Star, Ticket ID: 777
Winner Found! Type: Top Line, Ticket ID: 778
Winner Found! Type: Bottom Line, Ticket ID: 778
Winner Found! Type: Star, Ticket ID: 778
Winner Found! Type: Bottom Line, Ticket ID: 779
Winner Found! Type: Top Line, Ticket ID: 780
Winner Found! Type: Middle Line, Ticket ID: 780
Winner Found! Type: Bottom Line, Ticket ID: 780
Winner Found! Type: Star, Ticket ID: 780
Winner Found! Type: Middle Line, Ticket ID: 781
Winner Found! Type: Bottom Line, Ticket ID: 781
Winner Found! Type: Star, Ticket ID: 781
Winner Found! Type: Top Line, Ticket ID: 782
Winner Found! Type: Middle Line, Ticket ID: 782
Winner Found! Type: Star, Ticket ID: 782
Winner Found! Type: Middle Line, Ticket ID: 783
Winner Found! Type: Bottom Line, Ticket ID: 783
Winner Found! Type: Star, Ticket ID: 783
Winner Found! Type: Top Line, Ticket ID: 784
Winner Found! Type: Top Line, Ticket ID: 785
Winner Found! Type: Middle Line, Ticket ID: 785
Winner Found! Type: Middle Line, Ticket ID: 786
Winner Found! Type: Top Line, Ticket ID: 787
Winner Found! Type: Middle Line, Ticket ID: 787
Winner Found! Type: Star, Ticket ID: 787
Winner Found! Type: Top Line, Ticket ID: 789
Winner Found! Type: Middle Line, Ticket ID: 789
Winner Found! Type: Star, Ticket ID: 789
Winner Found! Type: Middle Line, Ticket ID: 790
Winner Found! Type: Top Line, Ticket ID: 791
Winner Found! Type: Star, Ticket ID: 791
Winner Found! Type: Top Line, Ticket ID: 792
Winner Found! Type: Middle Line, Ticket ID: 792
Winner Found! Type: Top Line, Ticket ID: 793
Winner Found! Type: Star, Ticket ID: 793
Winner Found! Type: Bottom Line, Ticket ID: 794
Winner Found! Type: Star, Ticket ID: 794
Winner Found! Type: Middle Line, Ticket ID: 796
Winner Found! Type: Middle Line, Ticket ID: 797
Winner Found! Type: Bottom Line, Ticket ID: 797
Winner Found! Type: Top Line, Ticket ID: 798
Winner Found! Type: Middle Line, Ticket ID: 798
Winner Found! Type: Bottom Line, Ticket ID: 798
Winner Found! Type: Star, Ticket ID: 798
Winner Found! Type: Middle Line, Ticket ID: 800
Winner Found! Type: Bottom Line, Ticket ID: 800
Winner Found! Type: Top Line, Ticket ID: 801
Winner Found! Type: Middle Line, Ticket ID: 801
Winner Found! Type: Star, Ticket ID: 801
Winner Found! Type: Top Line, Ticket ID: 802
Winner Found! Type: Middle Line, Ticket ID: 802
Winner Found! Type: Bottom Line, Ticket ID: 802
Winner Found! Type: Star, Ticket ID: 802
Winner Found! Type: Top Line, Ticket ID: 803
Winner Found! Type: Middle Line, Ticket ID: 803
Winner Found! Type: Star, Ticket ID: 803
Winner Found! Type: Top Line, Ticket ID: 804
Winner Found! Type: Star, Ticket ID: 804
Winner Found! Type: Top Line, Ticket ID: 805
Winner Found! Type: Middle Line, Ticket ID: 805
Winner Found! Type: Star, Ticket ID: 806
Winner Found! Type: Top Line, Ticket ID: 807
Winner Found! Type: Middle Line, Ticket ID: 807
Winner Found! Type: Bottom Line, Ticket ID: 807
Winner Found! Type: Star, Ticket ID: 807
Winner Found! Type: Top Line, Ticket ID: 808
Winner Found! Type: Middle Line, Ticket ID: 808
Winner Found! Type: Middle Line, Ticket ID: 809
Winner Found! Type: Star, Ticket ID: 809
Winner Found! Type: Top Line, Ticket ID: 810
Winner Found! Type: Middle Line, Ticket ID: 810
Winner Found! Type: Bottom Line, Ticket ID: 810
Winner Found! Type: Star, Ticket ID: 810
Called number: 89
Winner Found! Type: Top Line, Ticket ID: 761
Winner Found! Type: Middle Line, Ticket ID: 761
Winner Found! Type: Star, Ticket ID: 761
Winner Found! Type: Top Line, Ticket ID: 762
Winner Found! Type: Middle Line, Ticket ID: 762
Winner Found! Type: Bottom Line, Ticket ID: 762
Winner Found! Type: Star, Ticket ID: 762
Winner Found! Type: Middle Line, Ticket ID: 763
Winner Found! Type: Star, Ticket ID: 763
Winner Found! Type: Middle Line, Ticket ID: 764
Winner Found! Type: Star, Ticket ID: 765
Winner Found! Type: Bottom Line, Ticket ID: 766
Winner Found! Type: Star, Ticket ID: 766
Winner Found! Type: Top Line, Ticket ID: 767
Winner Found! Type: Bottom Line, Ticket ID: 767
Winner Found! Type: Star, Ticket ID: 767
Winner Found! Type: Top Line, Ticket ID: 768
Winner Found! Type: Bottom Line, Ticket ID: 768
Winner Found! Type: Star, Ticket ID: 768
Winner Found! Type: Top Line, Ticket ID: 769
Winner Found! Type: Middle Line, Ticket ID: 769
Winner Found! Type: Bottom Line, Ticket ID: 769
Winner Found! Type: Star, Ticket ID: 769
Winner Found! Type: Star, Ticket ID: 770
Winner Found! Type: Top Line, Ticket ID: 771
Winner Found! Type: Middle Line, Ticket ID: 771
Winner Found! Type: Star, Ticket ID: 771
Winner Found! Type: Middle Line, Ticket ID: 772
Winner Found! Type: Bottom Line, Ticket ID: 772
Winner Found! Type: Star, Ticket ID: 772
Winner Found! Type: Top Line, Ticket ID: 773
Winner Found! Type: Bottom Line, Ticket ID: 773
Winner Found! Type: Star, Ticket ID: 773
Winner Found! Type: Top Line, Ticket ID: 774
Winner Found! Type: Middle Line, Ticket ID: 774
Winner Found! Type: Bottom Line, Ticket ID: 774
Winner Found! Type: Star, Ticket ID: 774
Winner Found! Type: Top Line, Ticket ID: 775
Winner Found! Type: Middle Line, Ticket ID: 775
Winner Found! Type: Top Line, Ticket ID: 776
Winner Found! Type: Bottom Line, Ticket ID: 776
Winner Found! Type: Star, Ticket ID: 776
Winner Found! Type: Top Line, Ticket ID: 777
Winner Found! Type: Star, Ticket ID: 777
Winner Found! Type: Top Line, Ticket ID: 778
Winner Found! Type: Bottom Line, Ticket ID: 778
Winner Found! Type: Star, Ticket ID: 778
Winner Found! Type: Bottom Line, Ticket ID: 779
Winner Found! Type: Top Line, Ticket ID: 780
Winner Found! Type: Middle Line, Ticket ID: 780
Winner Found! Type: Bottom Line, Ticket ID: 780
Winner Found! Type: Star, Ticket ID: 780
Winner Found! Type: Middle Line, Ticket ID: 781
Winner Found! Type: Bottom Line, Ticket ID: 781
Winner Found! Type: Star, Ticket ID: 781
Winner Found! Type: Top Line, Ticket ID: 782
Winner Found! Type: Middle Line, Ticket ID: 782
Winner Found! Type: Star, Ticket ID: 782
Winner Found! Type: Middle Line, Ticket ID: 783
Winner Found! Type: Bottom Line, Ticket ID: 783
Winner Found! Type: Star, Ticket ID: 783
Winner Found! Type: Top Line, Ticket ID: 784
Winner Found! Type: Top Line, Ticket ID: 785
Winner Found! Type: Middle Line, Ticket ID: 785
Winner Found! Type: Middle Line, Ticket ID: 786
Winner Found! Type: Top Line, Ticket ID: 787
Winner Found! Type: Middle Line, Ticket ID: 787
Winner Found! Type: Star, Ticket ID: 787
Winner Found! Type: Top Line, Ticket ID: 789
Winner Found! Type: Middle Line, Ticket ID: 789
Winner Found! Type: Star, Ticket ID: 789
Winner Found! Type: Middle Line, Ticket ID: 790
Winner Found! Type: Top Line, Ticket ID: 791
Winner Found! Type: Star, Ticket ID: 791
Winner Found! Type: Top Line, Ticket ID: 792
Winner Found! Type: Middle Line, Ticket ID: 792
Winner Found! Type: Top Line, Ticket ID: 793
Winner Found! Type: Star, Ticket ID: 793
Winner Found! Type: Bottom Line, Ticket ID: 794
Winner Found! Type: Star, Ticket ID: 794
Winner Found! Type: Middle Line, Ticket ID: 796
Winner Found! Type: Middle Line, Ticket ID: 797
Winner Found! Type: Bottom Line, Ticket ID: 797
Winner Found! Type: Top Line, Ticket ID: 798
Winner Found! Type: Middle Line, Ticket ID: 798
Winner Found! Type: Bottom Line, Ticket ID: 798
Winner Found! Type: Star, Ticket ID: 798
Winner Found! Type: Middle Line, Ticket ID: 800
Winner Found! Type: Bottom Line, Ticket ID: 800
Winner Found! Type: Top Line, Ticket ID: 801
Winner Found! Type: Middle Line, Ticket ID: 801
Winner Found! Type: Star, Ticket ID: 801
Winner Found! Type: Top Line, Ticket ID: 802
Winner Found! Type: Middle Line, Ticket ID: 802
Winner Found! Type: Bottom Line, Ticket ID: 802
Winner Found! Type: Star, Ticket ID: 802
Winner Found! Type: Top Line, Ticket ID: 803
Winner Found! Type: Middle Line, Ticket ID: 803
Winner Found! Type: Star, Ticket ID: 803
Winner Found! Type: Top Line, Ticket ID: 804
Winner Found! Type: Star, Ticket ID: 804
Winner Found! Type: Top Line, Ticket ID: 805
Winner Found! Type: Middle Line, Ticket ID: 805
Winner Found! Type: Star, Ticket ID: 806
Winner Found! Type: Top Line, Ticket ID: 807
Winner Found! Type: Middle Line, Ticket ID: 807
Winner Found! Type: Bottom Line, Ticket ID: 807
Winner Found! Type: Star, Ticket ID: 807
Winner Found! Type: Top Line, Ticket ID: 808
Winner Found! Type: Middle Line, Ticket ID: 808
Winner Found! Type: Middle Line, Ticket ID: 809
Winner Found! Type: Star, Ticket ID: 809
Winner Found! Type: Top Line, Ticket ID: 810
Winner Found! Type: Middle Line, Ticket ID: 810
Winner Found! Type: Bottom Line, Ticket ID: 810
Winner Found! Type: Star, Ticket ID: 810
Called number: 52
Winner Found! Type: Top Line, Ticket ID: 761
Winner Found! Type: Middle Line, Ticket ID: 761
Winner Found! Type: Star, Ticket ID: 761
Winner Found! Type: Top Line, Ticket ID: 762
Winner Found! Type: Middle Line, Ticket ID: 762
Winner Found! Type: Bottom Line, Ticket ID: 762
Winner Found! Type: Star, Ticket ID: 762
Winner Found! Type: Middle Line, Ticket ID: 763
Winner Found! Type: Star, Ticket ID: 763
Winner Found! Type: Middle Line, Ticket ID: 764
Winner Found! Type: Middle Line, Ticket ID: 765
Winner Found! Type: Star, Ticket ID: 765
Winner Found! Type: Bottom Line, Ticket ID: 766
Winner Found! Type: Star, Ticket ID: 766
Winner Found! Type: Top Line, Ticket ID: 767
Winner Found! Type: Bottom Line, Ticket ID: 767
Winner Found! Type: Star, Ticket ID: 767
Winner Found! Type: Top Line, Ticket ID: 768
Winner Found! Type: Bottom Line, Ticket ID: 768
Winner Found! Type: Star, Ticket ID: 768
Winner Found! Type: Top Line, Ticket ID: 769
Winner Found! Type: Middle Line, Ticket ID: 769
Winner Found! Type: Bottom Line, Ticket ID: 769
Winner Found! Type: Star, Ticket ID: 769
Winner Found! Type: Star, Ticket ID: 770
Winner Found! Type: Top Line, Ticket ID: 771
Winner Found! Type: Middle Line, Ticket ID: 771
Winner Found! Type: Star, Ticket ID: 771
Winner Found! Type: Middle Line, Ticket ID: 772
Winner Found! Type: Bottom Line, Ticket ID: 772
Winner Found! Type: Star, Ticket ID: 772
Winner Found! Type: Top Line, Ticket ID: 773
Winner Found! Type: Bottom Line, Ticket ID: 773
Winner Found! Type: Star, Ticket ID: 773
Winner Found! Type: Top Line, Ticket ID: 774
Winner Found! Type: Middle Line, Ticket ID: 774
Winner Found! Type: Bottom Line, Ticket ID: 774
Winner Found! Type: Star, Ticket ID: 774
Winner Found! Type: Top Line, Ticket ID: 775
Winner Found! Type: Middle Line, Ticket ID: 775
Winner Found! Type: Top Line, Ticket ID: 776
Winner Found! Type: Bottom Line, Ticket ID: 776
Winner Found! Type: Star, Ticket ID: 776
Winner Found! Type: Top Line, Ticket ID: 777
Winner Found! Type: Star, Ticket ID: 777
Winner Found! Type: Top Line, Ticket ID: 778
Winner Found! Type: Bottom Line, Ticket ID: 778
Winner Found! Type: Star, Ticket ID: 778
Winner Found! Type: Bottom Line, Ticket ID: 779
Winner Found! Type: Top Line, Ticket ID: 780
Winner Found! Type: Middle Line, Ticket ID: 780
Winner Found! Type: Bottom Line, Ticket ID: 780
Winner Found! Type: Star, Ticket ID: 780
Winner Found! Type: Middle Line, Ticket ID: 781
Winner Found! Type: Bottom Line, Ticket ID: 781
Winner Found! Type: Star, Ticket ID: 781
Winner Found! Type: Top Line, Ticket ID: 782
Winner Found! Type: Middle Line, Ticket ID: 782
Winner Found! Type: Star, Ticket ID: 782
Winner Found! Type: Middle Line, Ticket ID: 783
Winner Found! Type: Bottom Line, Ticket ID: 783
Winner Found! Type: Star, Ticket ID: 783
Winner Found! Type: Top Line, Ticket ID: 784
Winner Found! Type: Top Line, Ticket ID: 785
Winner Found! Type: Middle Line, Ticket ID: 785
Winner Found! Type: Middle Line, Ticket ID: 786
Winner Found! Type: Top Line, Ticket ID: 787
Winner Found! Type: Middle Line, Ticket ID: 787
Winner Found! Type: Star, Ticket ID: 787
Winner Found! Type: Top Line, Ticket ID: 789
Winner Found! Type: Middle Line, Ticket ID: 789
Winner Found! Type: Star, Ticket ID: 789
Winner Found! Type: Middle Line, Ticket ID: 790
Winner Found! Type: Top Line, Ticket ID: 791
Winner Found! Type: Star, Ticket ID: 791
Winner Found! Type: Top Line, Ticket ID: 792
Winner Found! Type: Middle Line, Ticket ID: 792
Winner Found! Type: Top Line, Ticket ID: 793
Winner Found! Type: Star, Ticket ID: 793
Winner Found! Type: Bottom Line, Ticket ID: 794
Winner Found! Type: Star, Ticket ID: 794
Winner Found! Type: Middle Line, Ticket ID: 796
Winner Found! Type: Middle Line, Ticket ID: 797
Winner Found! Type: Bottom Line, Ticket ID: 797
Winner Found! Type: Top Line, Ticket ID: 798
Winner Found! Type: Middle Line, Ticket ID: 798
Winner Found! Type: Bottom Line, Ticket ID: 798
Winner Found! Type: Star, Ticket ID: 798
Winner Found! Type: Middle Line, Ticket ID: 800
Winner Found! Type: Bottom Line, Ticket ID: 800
Winner Found! Type: Top Line, Ticket ID: 801
Winner Found! Type: Middle Line, Ticket ID: 801
Winner Found! Type: Star, Ticket ID: 801
Winner Found! Type: Top Line, Ticket ID: 802
Winner Found! Type: Middle Line, Ticket ID: 802
Winner Found! Type: Bottom Line, Ticket ID: 802
Winner Found! Type: Star, Ticket ID: 802
Winner Found! Type: Top Line, Ticket ID: 803
Winner Found! Type: Middle Line, Ticket ID: 803
Winner Found! Type: Star, Ticket ID: 803
Winner Found! Type: Top Line, Ticket ID: 804
Winner Found! Type: Star, Ticket ID: 804
Winner Found! Type: Top Line, Ticket ID: 805
Winner Found! Type: Middle Line, Ticket ID: 805
Winner Found! Type: Bottom Line, Ticket ID: 805
Winner Found! Type: Star, Ticket ID: 805
Winner Found! Type: Star, Ticket ID: 806
Winner Found! Type: Top Line, Ticket ID: 807
Winner Found! Type: Middle Line, Ticket ID: 807
Winner Found! Type: Bottom Line, Ticket ID: 807
Winner Found! Type: Star, Ticket ID: 807
Winner Found! Type: Top Line, Ticket ID: 808
Winner Found! Type: Middle Line, Ticket ID: 808
Winner Found! Type: Middle Line, Ticket ID: 809
Winner Found! Type: Star, Ticket ID: 809
Winner Found! Type: Top Line, Ticket ID: 810
Winner Found! Type: Middle Line, Ticket ID: 810
Winner Found! Type: Bottom Line, Ticket ID: 810
Winner Found! Type: Star, Ticket ID: 810
Called number: 75
Winner Found! Type: Top Line, Ticket ID: 761
Winner Found! Type: Middle Line, Ticket ID: 761
Winner Found! Type: Star, Ticket ID: 761
Winner Found! Type: Top Line, Ticket ID: 762
Winner Found! Type: Middle Line, Ticket ID: 762
Winner Found! Type: Bottom Line, Ticket ID: 762
Winner Found! Type: Star, Ticket ID: 762
Winner Found! Type: Middle Line, Ticket ID: 763
Winner Found! Type: Star, Ticket ID: 763
Winner Found! Type: Middle Line, Ticket ID: 764
Winner Found! Type: Middle Line, Ticket ID: 765
Winner Found! Type: Star, Ticket ID: 765
Winner Found! Type: Bottom Line, Ticket ID: 766
Winner Found! Type: Star, Ticket ID: 766
Winner Found! Type: Top Line, Ticket ID: 767
Winner Found! Type: Bottom Line, Ticket ID: 767
Winner Found! Type: Star, Ticket ID: 767
Winner Found! Type: Top Line, Ticket ID: 768
Winner Found! Type: Bottom Line, Ticket ID: 768
Winner Found! Type: Star, Ticket ID: 768
Winner Found! Type: Top Line, Ticket ID: 769
Winner Found! Type: Middle Line, Ticket ID: 769
Winner Found! Type: Bottom Line, Ticket ID: 769
Winner Found! Type: Star, Ticket ID: 769
Winner Found! Type: Star, Ticket ID: 770
Winner Found! Type: Top Line, Ticket ID: 771
Winner Found! Type: Middle Line, Ticket ID: 771
Winner Found! Type: Star, Ticket ID: 771
Winner Found! Type: Middle Line, Ticket ID: 772
Winner Found! Type: Bottom Line, Ticket ID: 772
Winner Found! Type: Star, Ticket ID: 772
Winner Found! Type: Top Line, Ticket ID: 773
Winner Found! Type: Bottom Line, Ticket ID: 773
Winner Found! Type: Star, Ticket ID: 773
Winner Found! Type: Top Line, Ticket ID: 774
Winner Found! Type: Middle Line, Ticket ID: 774
Winner Found! Type: Bottom Line, Ticket ID: 774
Winner Found! Type: Star, Ticket ID: 774
Winner Found! Type: Top Line, Ticket ID: 775
Winner Found! Type: Middle Line, Ticket ID: 775
Winner Found! Type: Top Line, Ticket ID: 776
Winner Found! Type: Bottom Line, Ticket ID: 776
Winner Found! Type: Star, Ticket ID: 776
Winner Found! Type: Top Line, Ticket ID: 777
Winner Found! Type: Star, Ticket ID: 777
Winner Found! Type: Top Line, Ticket ID: 778
Winner Found! Type: Bottom Line, Ticket ID: 778
Winner Found! Type: Star, Ticket ID: 778
Winner Found! Type: Bottom Line, Ticket ID: 779
Winner Found! Type: Top Line, Ticket ID: 780
Winner Found! Type: Middle Line, Ticket ID: 780
Winner Found! Type: Bottom Line, Ticket ID: 780
Winner Found! Type: Star, Ticket ID: 780
Winner Found! Type: Middle Line, Ticket ID: 781
Winner Found! Type: Bottom Line, Ticket ID: 781
Winner Found! Type: Star, Ticket ID: 781
Winner Found! Type: Top Line, Ticket ID: 782
Winner Found! Type: Middle Line, Ticket ID: 782
Winner Found! Type: Star, Ticket ID: 782
Winner Found! Type: Middle Line, Ticket ID: 783
Winner Found! Type: Bottom Line, Ticket ID: 783
Winner Found! Type: Star, Ticket ID: 783
Winner Found! Type: Top Line, Ticket ID: 784
Winner Found! Type: Top Line, Ticket ID: 785
Winner Found! Type: Middle Line, Ticket ID: 785
Winner Found! Type: Middle Line, Ticket ID: 786
Winner Found! Type: Top Line, Ticket ID: 787
Winner Found! Type: Middle Line, Ticket ID: 787
Winner Found! Type: Star, Ticket ID: 787
Winner Found! Type: Top Line, Ticket ID: 789
Winner Found! Type: Middle Line, Ticket ID: 789
Winner Found! Type: Star, Ticket ID: 789
Winner Found! Type: Middle Line, Ticket ID: 790
Winner Found! Type: Top Line, Ticket ID: 791
Winner Found! Type: Star, Ticket ID: 791
Winner Found! Type: Top Line, Ticket ID: 792
Winner Found! Type: Middle Line, Ticket ID: 792
Winner Found! Type: Top Line, Ticket ID: 793
Winner Found! Type: Star, Ticket ID: 793
Winner Found! Type: Bottom Line, Ticket ID: 794
Winner Found! Type: Star, Ticket ID: 794
Winner Found! Type: Middle Line, Ticket ID: 796
Winner Found! Type: Middle Line, Ticket ID: 797
Winner Found! Type: Bottom Line, Ticket ID: 797
Winner Found! Type: Top Line, Ticket ID: 798
Winner Found! Type: Middle Line, Ticket ID: 798
Winner Found! Type: Bottom Line, Ticket ID: 798
Winner Found! Type: Star, Ticket ID: 798
Winner Found! Type: Middle Line, Ticket ID: 800
Winner Found! Type: Bottom Line, Ticket ID: 800
Winner Found! Type: Top Line, Ticket ID: 801
Winner Found! Type: Middle Line, Ticket ID: 801
Winner Found! Type: Star, Ticket ID: 801
Winner Found! Type: Top Line, Ticket ID: 802
Winner Found! Type: Middle Line, Ticket ID: 802
Winner Found! Type: Bottom Line, Ticket ID: 802
Winner Found! Type: Star, Ticket ID: 802
Winner Found! Type: Top Line, Ticket ID: 803
Winner Found! Type: Middle Line, Ticket ID: 803
Winner Found! Type: Star, Ticket ID: 803
Winner Found! Type: Top Line, Ticket ID: 804
Winner Found! Type: Star, Ticket ID: 804
Winner Found! Type: Top Line, Ticket ID: 805
Winner Found! Type: Middle Line, Ticket ID: 805
Winner Found! Type: Bottom Line, Ticket ID: 805
Winner Found! Type: Star, Ticket ID: 805
Winner Found! Type: Star, Ticket ID: 806
Winner Found! Type: Top Line, Ticket ID: 807
Winner Found! Type: Middle Line, Ticket ID: 807
Winner Found! Type: Bottom Line, Ticket ID: 807
Winner Found! Type: Star, Ticket ID: 807
Winner Found! Type: Top Line, Ticket ID: 808
Winner Found! Type: Middle Line, Ticket ID: 808
Winner Found! Type: Middle Line, Ticket ID: 809
Winner Found! Type: Star, Ticket ID: 809
Winner Found! Type: Top Line, Ticket ID: 810
Winner Found! Type: Middle Line, Ticket ID: 810
Winner Found! Type: Bottom Line, Ticket ID: 810
Winner Found! Type: Star, Ticket ID: 810
Called number: 30
Winner Found! Type: Top Line, Ticket ID: 761
Winner Found! Type: Middle Line, Ticket ID: 761
Winner Found! Type: Star, Ticket ID: 761
Winner Found! Type: Top Line, Ticket ID: 762
Winner Found! Type: Middle Line, Ticket ID: 762
Winner Found! Type: Bottom Line, Ticket ID: 762
Winner Found! Type: Star, Ticket ID: 762
Winner Found! Type: Middle Line, Ticket ID: 763
Winner Found! Type: Star, Ticket ID: 763
Winner Found! Type: Middle Line, Ticket ID: 764
Winner Found! Type: Middle Line, Ticket ID: 765
Winner Found! Type: Star, Ticket ID: 765
Winner Found! Type: Bottom Line, Ticket ID: 766
Winner Found! Type: Star, Ticket ID: 766
Winner Found! Type: Top Line, Ticket ID: 767
Winner Found! Type: Bottom Line, Ticket ID: 767
Winner Found! Type: Star, Ticket ID: 767
Winner Found! Type: Top Line, Ticket ID: 768
Winner Found! Type: Bottom Line, Ticket ID: 768
Winner Found! Type: Star, Ticket ID: 768
Winner Found! Type: Top Line, Ticket ID: 769
Winner Found! Type: Middle Line, Ticket ID: 769
Winner Found! Type: Bottom Line, Ticket ID: 769
Winner Found! Type: Star, Ticket ID: 769
Winner Found! Type: Star, Ticket ID: 770
Winner Found! Type: Top Line, Ticket ID: 771
Winner Found! Type: Middle Line, Ticket ID: 771
Winner Found! Type: Star, Ticket ID: 771
Winner Found! Type: Middle Line, Ticket ID: 772
Winner Found! Type: Bottom Line, Ticket ID: 772
Winner Found! Type: Star, Ticket ID: 772
Winner Found! Type: Top Line, Ticket ID: 773
Winner Found! Type: Bottom Line, Ticket ID: 773
Winner Found! Type: Star, Ticket ID: 773
Winner Found! Type: Top Line, Ticket ID: 774
Winner Found! Type: Middle Line, Ticket ID: 774
Winner Found! Type: Bottom Line, Ticket ID: 774
Winner Found! Type: Star, Ticket ID: 774
Winner Found! Type: Top Line, Ticket ID: 775
Winner Found! Type: Middle Line, Ticket ID: 775
Winner Found! Type: Top Line, Ticket ID: 776
Winner Found! Type: Bottom Line, Ticket ID: 776
Winner Found! Type: Star, Ticket ID: 776
Winner Found! Type: Top Line, Ticket ID: 777
Winner Found! Type: Bottom Line, Ticket ID: 777
Winner Found! Type: Star, Ticket ID: 777
Winner Found! Type: Top Line, Ticket ID: 778
Winner Found! Type: Bottom Line, Ticket ID: 778
Winner Found! Type: Star, Ticket ID: 778
Winner Found! Type: Bottom Line, Ticket ID: 779
Winner Found! Type: Top Line, Ticket ID: 780
Winner Found! Type: Middle Line, Ticket ID: 780
Winner Found! Type: Bottom Line, Ticket ID: 780
Winner Found! Type: Star, Ticket ID: 780
Winner Found! Type: Top Line, Ticket ID: 781
Winner Found! Type: Middle Line, Ticket ID: 781
Winner Found! Type: Bottom Line, Ticket ID: 781
Winner Found! Type: Star, Ticket ID: 781
Winner Found! Type: Top Line, Ticket ID: 782
Winner Found! Type: Middle Line, Ticket ID: 782
Winner Found! Type: Star, Ticket ID: 782
Winner Found! Type: Middle Line, Ticket ID: 783
Winner Found! Type: Bottom Line, Ticket ID: 783
Winner Found! Type: Star, Ticket ID: 783
Winner Found! Type: Top Line, Ticket ID: 784
Winner Found! Type: Top Line, Ticket ID: 785
Winner Found! Type: Middle Line, Ticket ID: 785
Winner Found! Type: Bottom Line, Ticket ID: 785
Winner Found! Type: Star, Ticket ID: 785
Winner Found! Type: Middle Line, Ticket ID: 786
Winner Found! Type: Top Line, Ticket ID: 787
Winner Found! Type: Middle Line, Ticket ID: 787
Winner Found! Type: Star, Ticket ID: 787
Winner Found! Type: Middle Line, Ticket ID: 788
Winner Found! Type: Top Line, Ticket ID: 789
Winner Found! Type: Middle Line, Ticket ID: 789
Winner Found! Type: Star, Ticket ID: 789
Winner Found! Type: Middle Line, Ticket ID: 790
Winner Found! Type: Top Line, Ticket ID: 791
Winner Found! Type: Middle Line, Ticket ID: 791
Winner Found! Type: Star, Ticket ID: 791
Winner Found! Type: Top Line, Ticket ID: 792
Winner Found! Type: Middle Line, Ticket ID: 792
Winner Found! Type: Top Line, Ticket ID: 793
Winner Found! Type: Middle Line, Ticket ID: 793
Winner Found! Type: Star, Ticket ID: 793
Winner Found! Type: Bottom Line, Ticket ID: 794
Winner Found! Type: Star, Ticket ID: 794
Winner Found! Type: Star, Ticket ID: 795
Winner Found! Type: Middle Line, Ticket ID: 796
Winner Found! Type: Middle Line, Ticket ID: 797
Winner Found! Type: Bottom Line, Ticket ID: 797
Winner Found! Type: Top Line, Ticket ID: 798
Winner Found! Type: Middle Line, Ticket ID: 798
Winner Found! Type: Bottom Line, Ticket ID: 798
Winner Found! Type: Star, Ticket ID: 798
Winner Found! Type: Middle Line, Ticket ID: 799
Winner Found! Type: Top Line, Ticket ID: 800
Winner Found! Type: Middle Line, Ticket ID: 800
Winner Found! Type: Bottom Line, Ticket ID: 800
Winner Found! Type: Star, Ticket ID: 800
Winner Found! Type: Top Line, Ticket ID: 801
Winner Found! Type: Middle Line, Ticket ID: 801
Winner Found! Type: Star, Ticket ID: 801
Winner Found! Type: Top Line, Ticket ID: 802
Winner Found! Type: Middle Line, Ticket ID: 802
Winner Found! Type: Bottom Line, Ticket ID: 802
Winner Found! Type: Star, Ticket ID: 802
Winner Found! Type: Top Line, Ticket ID: 803
Winner Found! Type: Middle Line, Ticket ID: 803
Winner Found! Type: Star, Ticket ID: 803
Winner Found! Type: Top Line, Ticket ID: 804
Winner Found! Type: Bottom Line, Ticket ID: 804
Winner Found! Type: Star, Ticket ID: 804
Winner Found! Type: Top Line, Ticket ID: 805
Winner Found! Type: Middle Line, Ticket ID: 805
Winner Found! Type: Bottom Line, Ticket ID: 805
Winner Found! Type: Star, Ticket ID: 805
Winner Found! Type: Star, Ticket ID: 806
Winner Found! Type: Top Line, Ticket ID: 807
Winner Found! Type: Middle Line, Ticket ID: 807
Winner Found! Type: Bottom Line, Ticket ID: 807
Winner Found! Type: Star, Ticket ID: 807
Winner Found! Type: Top Line, Ticket ID: 808
Winner Found! Type: Middle Line, Ticket ID: 808
Winner Found! Type: Middle Line, Ticket ID: 809
Winner Found! Type: Star, Ticket ID: 809
Winner Found! Type: Top Line, Ticket ID: 810
Winner Found! Type: Middle Line, Ticket ID: 810
Winner Found! Type: Bottom Line, Ticket ID: 810
Winner Found! Type: Star, Ticket ID: 810
Called number: 29
Winner Found! Type: Top Line, Ticket ID: 761
Winner Found! Type: Middle Line, Ticket ID: 761
Winner Found! Type: Star, Ticket ID: 761
Winner Found! Type: Top Line, Ticket ID: 762
Winner Found! Type: Middle Line, Ticket ID: 762
Winner Found! Type: Bottom Line, Ticket ID: 762
Winner Found! Type: Star, Ticket ID: 762
Winner Found! Type: Middle Line, Ticket ID: 763
Winner Found! Type: Star, Ticket ID: 763
Winner Found! Type: Middle Line, Ticket ID: 764
Winner Found! Type: Bottom Line, Ticket ID: 764
Winner Found! Type: Middle Line, Ticket ID: 765
Winner Found! Type: Star, Ticket ID: 765
Winner Found! Type: Bottom Line, Ticket ID: 766
Winner Found! Type: Star, Ticket ID: 766
Winner Found! Type: Top Line, Ticket ID: 767
Winner Found! Type: Bottom Line, Ticket ID: 767
Winner Found! Type: Star, Ticket ID: 767
Winner Found! Type: Top Line, Ticket ID: 768
Winner Found! Type: Bottom Line, Ticket ID: 768
Winner Found! Type: Star, Ticket ID: 768
Winner Found! Type: Top Line, Ticket ID: 769
Winner Found! Type: Middle Line, Ticket ID: 769
Winner Found! Type: Bottom Line, Ticket ID: 769
Winner Found! Type: Star, Ticket ID: 769
Winner Found! Type: Bottom Line, Ticket ID: 770
Winner Found! Type: Star, Ticket ID: 770
Winner Found! Type: Top Line, Ticket ID: 771
Winner Found! Type: Middle Line, Ticket ID: 771
Winner Found! Type: Star, Ticket ID: 771
Winner Found! Type: Middle Line, Ticket ID: 772
Winner Found! Type: Bottom Line, Ticket ID: 772
Winner Found! Type: Star, Ticket ID: 772
Winner Found! Type: Top Line, Ticket ID: 773
Winner Found! Type: Bottom Line, Ticket ID: 773
Winner Found! Type: Star, Ticket ID: 773
Winner Found! Type: Top Line, Ticket ID: 774
Winner Found! Type: Middle Line, Ticket ID: 774
Winner Found! Type: Bottom Line, Ticket ID: 774
Winner Found! Type: Star, Ticket ID: 774
Winner Found! Type: Top Line, Ticket ID: 775
Winner Found! Type: Middle Line, Ticket ID: 775
Winner Found! Type: Top Line, Ticket ID: 776
Winner Found! Type: Bottom Line, Ticket ID: 776
Winner Found! Type: Star, Ticket ID: 776
Winner Found! Type: Top Line, Ticket ID: 777
Winner Found! Type: Bottom Line, Ticket ID: 777
Winner Found! Type: Star, Ticket ID: 777
Winner Found! Type: Top Line, Ticket ID: 778
Winner Found! Type: Bottom Line, Ticket ID: 778
Winner Found! Type: Star, Ticket ID: 778
Winner Found! Type: Bottom Line, Ticket ID: 779
Winner Found! Type: Top Line, Ticket ID: 780
Winner Found! Type: Middle Line, Ticket ID: 780
Winner Found! Type: Bottom Line, Ticket ID: 780
Winner Found! Type: Star, Ticket ID: 780
Winner Found! Type: Top Line, Ticket ID: 781
Winner Found! Type: Middle Line, Ticket ID: 781
Winner Found! Type: Bottom Line, Ticket ID: 781
Winner Found! Type: Star, Ticket ID: 781
Winner Found! Type: Top Line, Ticket ID: 782
Winner Found! Type: Middle Line, Ticket ID: 782
Winner Found! Type: Star, Ticket ID: 782
Winner Found! Type: Middle Line, Ticket ID: 783
Winner Found! Type: Bottom Line, Ticket ID: 783
Winner Found! Type: Star, Ticket ID: 783
Winner Found! Type: Top Line, Ticket ID: 784
Winner Found! Type: Top Line, Ticket ID: 785
Winner Found! Type: Middle Line, Ticket ID: 785
Winner Found! Type: Bottom Line, Ticket ID: 785
Winner Found! Type: Star, Ticket ID: 785
Winner Found! Type: Middle Line, Ticket ID: 786
Winner Found! Type: Top Line, Ticket ID: 787
Winner Found! Type: Middle Line, Ticket ID: 787
Winner Found! Type: Star, Ticket ID: 787
Winner Found! Type: Middle Line, Ticket ID: 788
Winner Found! Type: Top Line, Ticket ID: 789
Winner Found! Type: Middle Line, Ticket ID: 789
Winner Found! Type: Star, Ticket ID: 789
Winner Found! Type: Middle Line, Ticket ID: 790
Winner Found! Type: Top Line, Ticket ID: 791
Winner Found! Type: Middle Line, Ticket ID: 791
Winner Found! Type: Star, Ticket ID: 791
Winner Found! Type: Top Line, Ticket ID: 792
Winner Found! Type: Middle Line, Ticket ID: 792
Winner Found! Type: Top Line, Ticket ID: 793
Winner Found! Type: Middle Line, Ticket ID: 793
Winner Found! Type: Star, Ticket ID: 793
Winner Found! Type: Bottom Line, Ticket ID: 794
Winner Found! Type: Star, Ticket ID: 794
Winner Found! Type: Star, Ticket ID: 795
Winner Found! Type: Middle Line, Ticket ID: 796
Winner Found! Type: Middle Line, Ticket ID: 797
Winner Found! Type: Bottom Line, Ticket ID: 797
Winner Found! Type: Top Line, Ticket ID: 798
Winner Found! Type: Middle Line, Ticket ID: 798
Winner Found! Type: Bottom Line, Ticket ID: 798
Winner Found! Type: Star, Ticket ID: 798
Winner Found! Type: Middle Line, Ticket ID: 799
Winner Found! Type: Top Line, Ticket ID: 800
Winner Found! Type: Middle Line, Ticket ID: 800
Winner Found! Type: Bottom Line, Ticket ID: 800
Winner Found! Type: Star, Ticket ID: 800
Winner Found! Type: Top Line, Ticket ID: 801
Winner Found! Type: Middle Line, Ticket ID: 801
Winner Found! Type: Bottom Line, Ticket ID: 801
Winner Found! Type: Star, Ticket ID: 801
Winner Found! Type: Top Line, Ticket ID: 802
Winner Found! Type: Middle Line, Ticket ID: 802
Winner Found! Type: Bottom Line, Ticket ID: 802
Winner Found! Type: Star, Ticket ID: 802
Winner Found! Type: Top Line, Ticket ID: 803
Winner Found! Type: Middle Line, Ticket ID: 803
Winner Found! Type: Star, Ticket ID: 803
Winner Found! Type: Top Line, Ticket ID: 804
Winner Found! Type: Bottom Line, Ticket ID: 804
Winner Found! Type: Star, Ticket ID: 804
Winner Found! Type: Top Line, Ticket ID: 805
Winner Found! Type: Middle Line, Ticket ID: 805
Winner Found! Type: Bottom Line, Ticket ID: 805
Winner Found! Type: Star, Ticket ID: 805
Winner Found! Type: Star, Ticket ID: 806
Winner Found! Type: Top Line, Ticket ID: 807
Winner Found! Type: Middle Line, Ticket ID: 807
Winner Found! Type: Bottom Line, Ticket ID: 807
Winner Found! Type: Star, Ticket ID: 807
Winner Found! Type: Top Line, Ticket ID: 808
Winner Found! Type: Middle Line, Ticket ID: 808
Winner Found! Type: Middle Line, Ticket ID: 809
Winner Found! Type: Star, Ticket ID: 809
Winner Found! Type: Top Line, Ticket ID: 810
Winner Found! Type: Middle Line, Ticket ID: 810
Winner Found! Type: Bottom Line, Ticket ID: 810
Winner Found! Type: Star, Ticket ID: 810
Called number: 70
Winner Found! Type: Top Line, Ticket ID: 761
Winner Found! Type: Middle Line, Ticket ID: 761
Winner Found! Type: Star, Ticket ID: 761
Winner Found! Type: Top Line, Ticket ID: 762
Winner Found! Type: Middle Line, Ticket ID: 762
Winner Found! Type: Bottom Line, Ticket ID: 762
Winner Found! Type: Star, Ticket ID: 762
Winner Found! Type: Middle Line, Ticket ID: 763
Winner Found! Type: Star, Ticket ID: 763
Winner Found! Type: Middle Line, Ticket ID: 764
Winner Found! Type: Bottom Line, Ticket ID: 764
Winner Found! Type: Middle Line, Ticket ID: 765
Winner Found! Type: Star, Ticket ID: 765
Winner Found! Type: Bottom Line, Ticket ID: 766
Winner Found! Type: Star, Ticket ID: 766
Winner Found! Type: Top Line, Ticket ID: 767
Winner Found! Type: Bottom Line, Ticket ID: 767
Winner Found! Type: Star, Ticket ID: 767
Winner Found! Type: Top Line, Ticket ID: 768
Winner Found! Type: Bottom Line, Ticket ID: 768
Winner Found! Type: Star, Ticket ID: 768
Winner Found! Type: Top Line, Ticket ID: 769
Winner Found! Type: Middle Line, Ticket ID: 769
Winner Found! Type: Bottom Line, Ticket ID: 769
Winner Found! Type: Star, Ticket ID: 769
Winner Found! Type: Bottom Line, Ticket ID: 770
Winner Found! Type: Star, Ticket ID: 770
Winner Found! Type: Top Line, Ticket ID: 771
Winner Found! Type: Middle Line, Ticket ID: 771
Winner Found! Type: Star, Ticket ID: 771
Winner Found! Type: Middle Line, Ticket ID: 772
Winner Found! Type: Bottom Line, Ticket ID: 772
Winner Found! Type: Star, Ticket ID: 772
Winner Found! Type: Top Line, Ticket ID: 773
Winner Found! Type: Bottom Line, Ticket ID: 773
Winner Found! Type: Star, Ticket ID: 773
Winner Found! Type: Top Line, Ticket ID: 774
Winner Found! Type: Middle Line, Ticket ID: 774
Winner Found! Type: Bottom Line, Ticket ID: 774
Winner Found! Type: Star, Ticket ID: 774
Winner Found! Type: Top Line, Ticket ID: 775
Winner Found! Type: Middle Line, Ticket ID: 775
Winner Found! Type: Top Line, Ticket ID: 776
Winner Found! Type: Bottom Line, Ticket ID: 776
Winner Found! Type: Star, Ticket ID: 776
Winner Found! Type: Top Line, Ticket ID: 777
Winner Found! Type: Bottom Line, Ticket ID: 777
Winner Found! Type: Star, Ticket ID: 777
Winner Found! Type: Top Line, Ticket ID: 778
Winner Found! Type: Bottom Line, Ticket ID: 778
Winner Found! Type: Star, Ticket ID: 778
Winner Found! Type: Bottom Line, Ticket ID: 779
Winner Found! Type: Top Line, Ticket ID: 780
Winner Found! Type: Middle Line, Ticket ID: 780
Winner Found! Type: Bottom Line, Ticket ID: 780
Winner Found! Type: Star, Ticket ID: 780
Winner Found! Type: Top Line, Ticket ID: 781
Winner Found! Type: Middle Line, Ticket ID: 781
Winner Found! Type: Bottom Line, Ticket ID: 781
Winner Found! Type: Star, Ticket ID: 781
Winner Found! Type: Top Line, Ticket ID: 782
Winner Found! Type: Middle Line, Ticket ID: 782
Winner Found! Type: Star, Ticket ID: 782
Winner Found! Type: Middle Line, Ticket ID: 783
Winner Found! Type: Bottom Line, Ticket ID: 783
Winner Found! Type: Star, Ticket ID: 783
Winner Found! Type: Top Line, Ticket ID: 784
Winner Found! Type: Top Line, Ticket ID: 785
Winner Found! Type: Middle Line, Ticket ID: 785
Winner Found! Type: Bottom Line, Ticket ID: 785
Winner Found! Type: Star, Ticket ID: 785
Winner Found! Type: Middle Line, Ticket ID: 786
Winner Found! Type: Top Line, Ticket ID: 787
Winner Found! Type: Middle Line, Ticket ID: 787
Winner Found! Type: Star, Ticket ID: 787
Winner Found! Type: Middle Line, Ticket ID: 788
Winner Found! Type: Top Line, Ticket ID: 789
Winner Found! Type: Middle Line, Ticket ID: 789
Winner Found! Type: Star, Ticket ID: 789
Winner Found! Type: Middle Line, Ticket ID: 790
Winner Found! Type: Top Line, Ticket ID: 791
Winner Found! Type: Middle Line, Ticket ID: 791
Winner Found! Type: Star, Ticket ID: 791
Winner Found! Type: Top Line, Ticket ID: 792
Winner Found! Type: Middle Line, Ticket ID: 792
Winner Found! Type: Top Line, Ticket ID: 793
Winner Found! Type: Middle Line, Ticket ID: 793
Winner Found! Type: Star, Ticket ID: 793
Winner Found! Type: Bottom Line, Ticket ID: 794
Winner Found! Type: Star, Ticket ID: 794
Winner Found! Type: Star, Ticket ID: 795
Winner Found! Type: Middle Line, Ticket ID: 796
Winner Found! Type: Middle Line, Ticket ID: 797
Winner Found! Type: Bottom Line, Ticket ID: 797
Winner Found! Type: Top Line, Ticket ID: 798
Winner Found! Type: Middle Line, Ticket ID: 798
Winner Found! Type: Bottom Line, Ticket ID: 798
Winner Found! Type: Star, Ticket ID: 798
Winner Found! Type: Middle Line, Ticket ID: 799
Winner Found! Type: Top Line, Ticket ID: 800
Winner Found! Type: Middle Line, Ticket ID: 800
Winner Found! Type: Bottom Line, Ticket ID: 800
Winner Found! Type: Star, Ticket ID: 800
Winner Found! Type: Top Line, Ticket ID: 801
Winner Found! Type: Middle Line, Ticket ID: 801
Winner Found! Type: Bottom Line, Ticket ID: 801
Winner Found! Type: Star, Ticket ID: 801
Winner Found! Type: Top Line, Ticket ID: 802
Winner Found! Type: Middle Line, Ticket ID: 802
Winner Found! Type: Bottom Line, Ticket ID: 802
Winner Found! Type: Star, Ticket ID: 802
Winner Found! Type: Top Line, Ticket ID: 803
Winner Found! Type: Middle Line, Ticket ID: 803
Winner Found! Type: Star, Ticket ID: 803
Winner Found! Type: Top Line, Ticket ID: 804
Winner Found! Type: Bottom Line, Ticket ID: 804
Winner Found! Type: Star, Ticket ID: 804
Winner Found! Type: Top Line, Ticket ID: 805
Winner Found! Type: Middle Line, Ticket ID: 805
Winner Found! Type: Bottom Line, Ticket ID: 805
Winner Found! Type: Star, Ticket ID: 805
Winner Found! Type: Star, Ticket ID: 806
Winner Found! Type: Top Line, Ticket ID: 807
Winner Found! Type: Middle Line, Ticket ID: 807
Winner Found! Type: Bottom Line, Ticket ID: 807
Winner Found! Type: Star, Ticket ID: 807
Winner Found! Type: Top Line, Ticket ID: 808
Winner Found! Type: Middle Line, Ticket ID: 808
Winner Found! Type: Middle Line, Ticket ID: 809
Winner Found! Type: Star, Ticket ID: 809
Winner Found! Type: Top Line, Ticket ID: 810
Winner Found! Type: Middle Line, Ticket ID: 810
Winner Found! Type: Bottom Line, Ticket ID: 810
Winner Found! Type: Star, Ticket ID: 810
Called number: 5
Winner Found! Type: Top Line, Ticket ID: 761
Winner Found! Type: Middle Line, Ticket ID: 761
Winner Found! Type: Star, Ticket ID: 761
Winner Found! Type: Top Line, Ticket ID: 762
Winner Found! Type: Middle Line, Ticket ID: 762
Winner Found! Type: Bottom Line, Ticket ID: 762
Winner Found! Type: Star, Ticket ID: 762
Winner Found! Type: Middle Line, Ticket ID: 763
Winner Found! Type: Star, Ticket ID: 763
Winner Found! Type: Middle Line, Ticket ID: 764
Winner Found! Type: Bottom Line, Ticket ID: 764
Winner Found! Type: Middle Line, Ticket ID: 765
Winner Found! Type: Star, Ticket ID: 765
Winner Found! Type: Bottom Line, Ticket ID: 766
Winner Found! Type: Star, Ticket ID: 766
Winner Found! Type: Top Line, Ticket ID: 767
Winner Found! Type: Bottom Line, Ticket ID: 767
Winner Found! Type: Star, Ticket ID: 767
Winner Found! Type: Top Line, Ticket ID: 768
Winner Found! Type: Bottom Line, Ticket ID: 768
Winner Found! Type: Star, Ticket ID: 768
Winner Found! Type: Top Line, Ticket ID: 769
Winner Found! Type: Middle Line, Ticket ID: 769
Winner Found! Type: Bottom Line, Ticket ID: 769
Winner Found! Type: Star, Ticket ID: 769
Winner Found! Type: Bottom Line, Ticket ID: 770
Winner Found! Type: Star, Ticket ID: 770
Winner Found! Type: Top Line, Ticket ID: 771
Winner Found! Type: Middle Line, Ticket ID: 771
Winner Found! Type: Star, Ticket ID: 771
Winner Found! Type: Middle Line, Ticket ID: 772
Winner Found! Type: Bottom Line, Ticket ID: 772
Winner Found! Type: Star, Ticket ID: 772
Winner Found! Type: Top Line, Ticket ID: 773
Winner Found! Type: Bottom Line, Ticket ID: 773
Winner Found! Type: Star, Ticket ID: 773
Winner Found! Type: Top Line, Ticket ID: 774
Winner Found! Type: Middle Line, Ticket ID: 774
Winner Found! Type: Bottom Line, Ticket ID: 774
Winner Found! Type: Star, Ticket ID: 774
Winner Found! Type: Top Line, Ticket ID: 775
Winner Found! Type: Middle Line, Ticket ID: 775
Winner Found! Type: Top Line, Ticket ID: 776
Winner Found! Type: Bottom Line, Ticket ID: 776
Winner Found! Type: Star, Ticket ID: 776
Winner Found! Type: Top Line, Ticket ID: 777
Winner Found! Type: Bottom Line, Ticket ID: 777
Winner Found! Type: Star, Ticket ID: 777
Winner Found! Type: Top Line, Ticket ID: 778
Winner Found! Type: Bottom Line, Ticket ID: 778
Winner Found! Type: Star, Ticket ID: 778
Winner Found! Type: Bottom Line, Ticket ID: 779
Winner Found! Type: Top Line, Ticket ID: 780
Winner Found! Type: Middle Line, Ticket ID: 780
Winner Found! Type: Bottom Line, Ticket ID: 780
Winner Found! Type: Star, Ticket ID: 780
Winner Found! Type: Top Line, Ticket ID: 781
Winner Found! Type: Middle Line, Ticket ID: 781
Winner Found! Type: Bottom Line, Ticket ID: 781
Winner Found! Type: Star, Ticket ID: 781
Winner Found! Type: Top Line, Ticket ID: 782
Winner Found! Type: Middle Line, Ticket ID: 782
Winner Found! Type: Star, Ticket ID: 782
Winner Found! Type: Middle Line, Ticket ID: 783
Winner Found! Type: Bottom Line, Ticket ID: 783
Winner Found! Type: Star, Ticket ID: 783
Winner Found! Type: Top Line, Ticket ID: 784
Winner Found! Type: Top Line, Ticket ID: 785
Winner Found! Type: Middle Line, Ticket ID: 785
Winner Found! Type: Bottom Line, Ticket ID: 785
Winner Found! Type: Star, Ticket ID: 785
Winner Found! Type: Middle Line, Ticket ID: 786
Winner Found! Type: Top Line, Ticket ID: 787
Winner Found! Type: Middle Line, Ticket ID: 787
Winner Found! Type: Star, Ticket ID: 787
Winner Found! Type: Middle Line, Ticket ID: 788
Winner Found! Type: Top Line, Ticket ID: 789
Winner Found! Type: Middle Line, Ticket ID: 789
Winner Found! Type: Star, Ticket ID: 789
Winner Found! Type: Middle Line, Ticket ID: 790
Winner Found! Type: Top Line, Ticket ID: 791
Winner Found! Type: Middle Line, Ticket ID: 791
Winner Found! Type: Star, Ticket ID: 791
Winner Found! Type: Top Line, Ticket ID: 792
Winner Found! Type: Middle Line, Ticket ID: 792
Winner Found! Type: Top Line, Ticket ID: 793
Winner Found! Type: Middle Line, Ticket ID: 793
Winner Found! Type: Star, Ticket ID: 793
Winner Found! Type: Bottom Line, Ticket ID: 794
Winner Found! Type: Star, Ticket ID: 794
Winner Found! Type: Star, Ticket ID: 795
Winner Found! Type: Middle Line, Ticket ID: 796
Winner Found! Type: Middle Line, Ticket ID: 797
Winner Found! Type: Bottom Line, Ticket ID: 797
Winner Found! Type: Top Line, Ticket ID: 798
Winner Found! Type: Middle Line, Ticket ID: 798
Winner Found! Type: Bottom Line, Ticket ID: 798
Winner Found! Type: Star, Ticket ID: 798
Winner Found! Type: Middle Line, Ticket ID: 799
Winner Found! Type: Top Line, Ticket ID: 800
Winner Found! Type: Middle Line, Ticket ID: 800
Winner Found! Type: Bottom Line, Ticket ID: 800
Winner Found! Type: Star, Ticket ID: 800
Winner Found! Type: Top Line, Ticket ID: 801
Winner Found! Type: Middle Line, Ticket ID: 801
Winner Found! Type: Bottom Line, Ticket ID: 801
Winner Found! Type: Star, Ticket ID: 801
Winner Found! Type: Top Line, Ticket ID: 802
Winner Found! Type: Middle Line, Ticket ID: 802
Winner Found! Type: Bottom Line, Ticket ID: 802
Winner Found! Type: Star, Ticket ID: 802
Winner Found! Type: Top Line, Ticket ID: 803
Winner Found! Type: Middle Line, Ticket ID: 803
Winner Found! Type: Star, Ticket ID: 803
Winner Found! Type: Top Line, Ticket ID: 804
Winner Found! Type: Bottom Line, Ticket ID: 804
Winner Found! Type: Star, Ticket ID: 804
Winner Found! Type: Top Line, Ticket ID: 805
Winner Found! Type: Middle Line, Ticket ID: 805
Winner Found! Type: Bottom Line, Ticket ID: 805
Winner Found! Type: Star, Ticket ID: 805
Winner Found! Type: Star, Ticket ID: 806
Winner Found! Type: Top Line, Ticket ID: 807
Winner Found! Type: Middle Line, Ticket ID: 807
Winner Found! Type: Bottom Line, Ticket ID: 807
Winner Found! Type: Star, Ticket ID: 807
Winner Found! Type: Top Line, Ticket ID: 808
Winner Found! Type: Middle Line, Ticket ID: 808
Winner Found! Type: Middle Line, Ticket ID: 809
Winner Found! Type: Star, Ticket ID: 809
Winner Found! Type: Top Line, Ticket ID: 810
Winner Found! Type: Middle Line, Ticket ID: 810
Winner Found! Type: Bottom Line, Ticket ID: 810
Winner Found! Type: Star, Ticket ID: 810
Called number: 80
Winner Found! Type: Top Line, Ticket ID: 761
Winner Found! Type: Middle Line, Ticket ID: 761
Winner Found! Type: Star, Ticket ID: 761
Winner Found! Type: Top Line, Ticket ID: 762
Winner Found! Type: Middle Line, Ticket ID: 762
Winner Found! Type: Bottom Line, Ticket ID: 762
Winner Found! Type: Star, Ticket ID: 762
Winner Found! Type: Middle Line, Ticket ID: 763
Winner Found! Type: Star, Ticket ID: 763
Winner Found! Type: Middle Line, Ticket ID: 764
Winner Found! Type: Bottom Line, Ticket ID: 764
Winner Found! Type: Middle Line, Ticket ID: 765
Winner Found! Type: Star, Ticket ID: 765
Winner Found! Type: Bottom Line, Ticket ID: 766
Winner Found! Type: Star, Ticket ID: 766
Winner Found! Type: Top Line, Ticket ID: 767
Winner Found! Type: Bottom Line, Ticket ID: 767
Winner Found! Type: Star, Ticket ID: 767
Winner Found! Type: Top Line, Ticket ID: 768
Winner Found! Type: Bottom Line, Ticket ID: 768
Winner Found! Type: Star, Ticket ID: 768
Winner Found! Type: Top Line, Ticket ID: 769
Winner Found! Type: Middle Line, Ticket ID: 769
Winner Found! Type: Bottom Line, Ticket ID: 769
Winner Found! Type: Star, Ticket ID: 769
Winner Found! Type: Bottom Line, Ticket ID: 770
Winner Found! Type: Star, Ticket ID: 770
Winner Found! Type: Top Line, Ticket ID: 771
Winner Found! Type: Middle Line, Ticket ID: 771
Winner Found! Type: Star, Ticket ID: 771
Winner Found! Type: Middle Line, Ticket ID: 772
Winner Found! Type: Bottom Line, Ticket ID: 772
Winner Found! Type: Star, Ticket ID: 772
Winner Found! Type: Top Line, Ticket ID: 773
Winner Found! Type: Bottom Line, Ticket ID: 773
Winner Found! Type: Star, Ticket ID: 773
Winner Found! Type: Top Line, Ticket ID: 774
Winner Found! Type: Middle Line, Ticket ID: 774
Winner Found! Type: Bottom Line, Ticket ID: 774
Winner Found! Type: Star, Ticket ID: 774
Winner Found! Type: Top Line, Ticket ID: 775
Winner Found! Type: Middle Line, Ticket ID: 775
Winner Found! Type: Top Line, Ticket ID: 776
Winner Found! Type: Bottom Line, Ticket ID: 776
Winner Found! Type: Star, Ticket ID: 776
Winner Found! Type: Top Line, Ticket ID: 777
Winner Found! Type: Bottom Line, Ticket ID: 777
Winner Found! Type: Star, Ticket ID: 777
Winner Found! Type: Top Line, Ticket ID: 778
Winner Found! Type: Bottom Line, Ticket ID: 778
Winner Found! Type: Star, Ticket ID: 778
Winner Found! Type: Bottom Line, Ticket ID: 779
Winner Found! Type: Top Line, Ticket ID: 780
Winner Found! Type: Middle Line, Ticket ID: 780
Winner Found! Type: Bottom Line, Ticket ID: 780
Winner Found! Type: Star, Ticket ID: 780
Winner Found! Type: Top Line, Ticket ID: 781
Winner Found! Type: Middle Line, Ticket ID: 781
Winner Found! Type: Bottom Line, Ticket ID: 781
Winner Found! Type: Star, Ticket ID: 781
Winner Found! Type: Top Line, Ticket ID: 782
Winner Found! Type: Middle Line, Ticket ID: 782
Winner Found! Type: Star, Ticket ID: 782
Winner Found! Type: Middle Line, Ticket ID: 783
Winner Found! Type: Bottom Line, Ticket ID: 783
Winner Found! Type: Star, Ticket ID: 783
Winner Found! Type: Top Line, Ticket ID: 784
Winner Found! Type: Top Line, Ticket ID: 785
Winner Found! Type: Middle Line, Ticket ID: 785
Winner Found! Type: Bottom Line, Ticket ID: 785
Winner Found! Type: Star, Ticket ID: 785
Winner Found! Type: Top Line, Ticket ID: 786
Winner Found! Type: Middle Line, Ticket ID: 786
Winner Found! Type: Top Line, Ticket ID: 787
Winner Found! Type: Middle Line, Ticket ID: 787
Winner Found! Type: Star, Ticket ID: 787
Winner Found! Type: Middle Line, Ticket ID: 788
Winner Found! Type: Top Line, Ticket ID: 789
Winner Found! Type: Middle Line, Ticket ID: 789
Winner Found! Type: Star, Ticket ID: 789
Winner Found! Type: Middle Line, Ticket ID: 790
Winner Found! Type: Top Line, Ticket ID: 791
Winner Found! Type: Middle Line, Ticket ID: 791
Winner Found! Type: Star, Ticket ID: 791
Winner Found! Type: Top Line, Ticket ID: 792
Winner Found! Type: Middle Line, Ticket ID: 792
Winner Found! Type: Top Line, Ticket ID: 793
Winner Found! Type: Middle Line, Ticket ID: 793
Winner Found! Type: Star, Ticket ID: 793
Winner Found! Type: Bottom Line, Ticket ID: 794
Winner Found! Type: Star, Ticket ID: 794
Winner Found! Type: Star, Ticket ID: 795
Winner Found! Type: Middle Line, Ticket ID: 796
Winner Found! Type: Bottom Line, Ticket ID: 796
Winner Found! Type: Middle Line, Ticket ID: 797
Winner Found! Type: Bottom Line, Ticket ID: 797
Winner Found! Type: Top Line, Ticket ID: 798
Winner Found! Type: Middle Line, Ticket ID: 798
Winner Found! Type: Bottom Line, Ticket ID: 798
Winner Found! Type: Star, Ticket ID: 798
Winner Found! Type: Middle Line, Ticket ID: 799
Winner Found! Type: Top Line, Ticket ID: 800
Winner Found! Type: Middle Line, Ticket ID: 800
Winner Found! Type: Bottom Line, Ticket ID: 800
Winner Found! Type: Star, Ticket ID: 800
Winner Found! Type: Top Line, Ticket ID: 801
Winner Found! Type: Middle Line, Ticket ID: 801
Winner Found! Type: Bottom Line, Ticket ID: 801
Winner Found! Type: Star, Ticket ID: 801
Winner Found! Type: Top Line, Ticket ID: 802
Winner Found! Type: Middle Line, Ticket ID: 802
Winner Found! Type: Bottom Line, Ticket ID: 802
Winner Found! Type: Star, Ticket ID: 802
Winner Found! Type: Top Line, Ticket ID: 803
Winner Found! Type: Middle Line, Ticket ID: 803
Winner Found! Type: Star, Ticket ID: 803
Winner Found! Type: Top Line, Ticket ID: 804
Winner Found! Type: Bottom Line, Ticket ID: 804
Winner Found! Type: Star, Ticket ID: 804
Winner Found! Type: Top Line, Ticket ID: 805
Winner Found! Type: Middle Line, Ticket ID: 805
Winner Found! Type: Bottom Line, Ticket ID: 805
Winner Found! Type: Star, Ticket ID: 805
Winner Found! Type: Star, Ticket ID: 806
Winner Found! Type: Top Line, Ticket ID: 807
Winner Found! Type: Middle Line, Ticket ID: 807
Winner Found! Type: Bottom Line, Ticket ID: 807
Winner Found! Type: Star, Ticket ID: 807
Winner Found! Type: Top Line, Ticket ID: 808
Winner Found! Type: Middle Line, Ticket ID: 808
Winner Found! Type: Middle Line, Ticket ID: 809
Winner Found! Type: Star, Ticket ID: 809
Winner Found! Type: Top Line, Ticket ID: 810
Winner Found! Type: Middle Line, Ticket ID: 810
Winner Found! Type: Bottom Line, Ticket ID: 810
Winner Found! Type: Star, Ticket ID: 810
Called number: 76
Winner Found! Type: Top Line, Ticket ID: 761
Winner Found! Type: Middle Line, Ticket ID: 761
Winner Found! Type: Star, Ticket ID: 761
Winner Found! Type: Top Line, Ticket ID: 762
Winner Found! Type: Middle Line, Ticket ID: 762
Winner Found! Type: Bottom Line, Ticket ID: 762
Winner Found! Type: Star, Ticket ID: 762
Winner Found! Type: Middle Line, Ticket ID: 763
Winner Found! Type: Star, Ticket ID: 763
Winner Found! Type: Middle Line, Ticket ID: 764
Winner Found! Type: Bottom Line, Ticket ID: 764
Winner Found! Type: Middle Line, Ticket ID: 765
Winner Found! Type: Star, Ticket ID: 765
Winner Found! Type: Bottom Line, Ticket ID: 766
Winner Found! Type: Star, Ticket ID: 766
Winner Found! Type: Top Line, Ticket ID: 767
Winner Found! Type: Bottom Line, Ticket ID: 767
Winner Found! Type: Star, Ticket ID: 767
Winner Found! Type: Top Line, Ticket ID: 768
Winner Found! Type: Bottom Line, Ticket ID: 768
Winner Found! Type: Star, Ticket ID: 768
Winner Found! Type: Top Line, Ticket ID: 769
Winner Found! Type: Middle Line, Ticket ID: 769
Winner Found! Type: Bottom Line, Ticket ID: 769
Winner Found! Type: Star, Ticket ID: 769
Winner Found! Type: Bottom Line, Ticket ID: 770
Winner Found! Type: Star, Ticket ID: 770
Winner Found! Type: Top Line, Ticket ID: 771
Winner Found! Type: Middle Line, Ticket ID: 771
Winner Found! Type: Star, Ticket ID: 771
Winner Found! Type: Middle Line, Ticket ID: 772
Winner Found! Type: Bottom Line, Ticket ID: 772
Winner Found! Type: Star, Ticket ID: 772
Winner Found! Type: Top Line, Ticket ID: 773
Winner Found! Type: Bottom Line, Ticket ID: 773
Winner Found! Type: Star, Ticket ID: 773
Winner Found! Type: Top Line, Ticket ID: 774
Winner Found! Type: Middle Line, Ticket ID: 774
Winner Found! Type: Bottom Line, Ticket ID: 774
Winner Found! Type: Star, Ticket ID: 774
Winner Found! Type: Top Line, Ticket ID: 775
Winner Found! Type: Middle Line, Ticket ID: 775
Winner Found! Type: Top Line, Ticket ID: 776
Winner Found! Type: Bottom Line, Ticket ID: 776
Winner Found! Type: Star, Ticket ID: 776
Winner Found! Type: Top Line, Ticket ID: 777
Winner Found! Type: Bottom Line, Ticket ID: 777
Winner Found! Type: Star, Ticket ID: 777
Winner Found! Type: Top Line, Ticket ID: 778
Winner Found! Type: Bottom Line, Ticket ID: 778
Winner Found! Type: Star, Ticket ID: 778
Winner Found! Type: Bottom Line, Ticket ID: 779
Winner Found! Type: Top Line, Ticket ID: 780
Winner Found! Type: Middle Line, Ticket ID: 780
Winner Found! Type: Bottom Line, Ticket ID: 780
Winner Found! Type: Star, Ticket ID: 780
Winner Found! Type: Top Line, Ticket ID: 781
Winner Found! Type: Middle Line, Ticket ID: 781
Winner Found! Type: Bottom Line, Ticket ID: 781
Winner Found! Type: Star, Ticket ID: 781
Winner Found! Type: Top Line, Ticket ID: 782
Winner Found! Type: Middle Line, Ticket ID: 782
Winner Found! Type: Star, Ticket ID: 782
Winner Found! Type: Middle Line, Ticket ID: 783
Winner Found! Type: Bottom Line, Ticket ID: 783
Winner Found! Type: Star, Ticket ID: 783
Winner Found! Type: Top Line, Ticket ID: 784
Winner Found! Type: Top Line, Ticket ID: 785
Winner Found! Type: Middle Line, Ticket ID: 785
Winner Found! Type: Bottom Line, Ticket ID: 785
Winner Found! Type: Star, Ticket ID: 785
Winner Found! Type: Top Line, Ticket ID: 786
Winner Found! Type: Middle Line, Ticket ID: 786
Winner Found! Type: Top Line, Ticket ID: 787
Winner Found! Type: Middle Line, Ticket ID: 787
Winner Found! Type: Star, Ticket ID: 787
Winner Found! Type: Middle Line, Ticket ID: 788
Winner Found! Type: Top Line, Ticket ID: 789
Winner Found! Type: Middle Line, Ticket ID: 789
Winner Found! Type: Star, Ticket ID: 789
Winner Found! Type: Middle Line, Ticket ID: 790
Winner Found! Type: Top Line, Ticket ID: 791
Winner Found! Type: Middle Line, Ticket ID: 791
Winner Found! Type: Star, Ticket ID: 791
Winner Found! Type: Top Line, Ticket ID: 792
Winner Found! Type: Middle Line, Ticket ID: 792
Winner Found! Type: Top Line, Ticket ID: 793
Winner Found! Type: Middle Line, Ticket ID: 793
Winner Found! Type: Star, Ticket ID: 793
Winner Found! Type: Bottom Line, Ticket ID: 794
Winner Found! Type: Star, Ticket ID: 794
Winner Found! Type: Star, Ticket ID: 795
Winner Found! Type: Middle Line, Ticket ID: 796
Winner Found! Type: Bottom Line, Ticket ID: 796
Winner Found! Type: Middle Line, Ticket ID: 797
Winner Found! Type: Bottom Line, Ticket ID: 797
Winner Found! Type: Top Line, Ticket ID: 798
Winner Found! Type: Middle Line, Ticket ID: 798
Winner Found! Type: Bottom Line, Ticket ID: 798
Winner Found! Type: Star, Ticket ID: 798
Winner Found! Type: Middle Line, Ticket ID: 799
Winner Found! Type: Top Line, Ticket ID: 800
Winner Found! Type: Middle Line, Ticket ID: 800
Winner Found! Type: Bottom Line, Ticket ID: 800
Winner Found! Type: Star, Ticket ID: 800
Winner Found! Type: Top Line, Ticket ID: 801
Winner Found! Type: Middle Line, Ticket ID: 801
Winner Found! Type: Bottom Line, Ticket ID: 801
Winner Found! Type: Star, Ticket ID: 801
Winner Found! Type: Top Line, Ticket ID: 802
Winner Found! Type: Middle Line, Ticket ID: 802
Winner Found! Type: Bottom Line, Ticket ID: 802
Winner Found! Type: Star, Ticket ID: 802
Winner Found! Type: Top Line, Ticket ID: 803
Winner Found! Type: Middle Line, Ticket ID: 803
Winner Found! Type: Star, Ticket ID: 803
Winner Found! Type: Top Line, Ticket ID: 804
Winner Found! Type: Bottom Line, Ticket ID: 804
Winner Found! Type: Star, Ticket ID: 804
Winner Found! Type: Top Line, Ticket ID: 805
Winner Found! Type: Middle Line, Ticket ID: 805
Winner Found! Type: Bottom Line, Ticket ID: 805
Winner Found! Type: Star, Ticket ID: 805
Winner Found! Type: Star, Ticket ID: 806
Winner Found! Type: Top Line, Ticket ID: 807
Winner Found! Type: Middle Line, Ticket ID: 807
Winner Found! Type: Bottom Line, Ticket ID: 807
Winner Found! Type: Star, Ticket ID: 807
Winner Found! Type: Top Line, Ticket ID: 808
Winner Found! Type: Middle Line, Ticket ID: 808
Winner Found! Type: Middle Line, Ticket ID: 809
Winner Found! Type: Star, Ticket ID: 809
Winner Found! Type: Top Line, Ticket ID: 810
Winner Found! Type: Middle Line, Ticket ID: 810
Winner Found! Type: Bottom Line, Ticket ID: 810
Winner Found! Type: Star, Ticket ID: 810
Called number: 47
Winner Found! Type: Star, Ticket ID: 793
Called number: 1
Called number: 8
Called number: 32
Called number: 44
Winner Found! Type: Star, Ticket ID: 763
Called number: 95
Called number: 9
Called number: 53
Called number: 17
Called number: 13
Called number: 22
Called number: 7
Called number: 50
Called number: 51
Called number: 39
Called number: 64
Called number: 94
Called number: 36
Called number: 57
Called number: 92
Called number: 78
Called number: 85
Called number: 15
Called number: 69
Called number: 26
Called number: 45
Called number: 2
Called number: 72
Called number: 54
Called number: 97
Called number: 11
Called number: 82
Called number: 61
Called number: 88
Called number: 90
Called number: 43
Called number: 28
Called number: 98
Called number: 10
Called number: 99
Called number: 37
Called number: 58
Called number: 23
Called number: 62
Called number: 31
Called number: 4
Called number: 48
Called number: 59
Called number: 40
Called number: 21
Called number: 77
Called number: 25
Called number: 42
Called number: 24
Called number: 20
Called number: 68
Called number: 91
Called number: 87
Called number: 74
Called number: 63
Called number: 96
Called number: 6
Called number: 16
Called number: 35
Called number: 84
Called number: 55
Called number: 66
Called number: 81
Called number: 19
Called number: 27
Called number: 12
Called number: 3
Called number: 71
Called number: 60
Called number: 14
Called number: 83
Called number: 79
Called number: 18
Game ID 40 completed.
PHP script finished.
Press any key to continue . . . 
