Running PHP script...
Connected to database.
Current Time: 14:11:08 11-03-2025
Starting game ID: 44
Called number: 36
Called number: 51
Called number: 60
Called number: 81
Called number: 39
Called number: 35
Called number: 25
Called number: 80
Called number: 78
Called number: 97
Called number: 91
Called number: 13
Called number: 22
Called number: 86
Called number: 37
Called number: 45
Called number: 64
Called number: 47
Called number: 38
Called number: 95
Called number: 70
Called number: 76
Called number: 99
Called number: 26
Called number: 56
Called number: 28
Called number: 14
Called number: 11
Called number: 24
Called number: 10
Called number: 4
Called number: 19
Called number: 23
Called number: 85
Called number: 34
Called number: 82
Called number: 93
Called number: 21
Called number: 29
Called number: 68
Called number: 41
Called number: 27
Called number: 62
Called number: 98
Called number: 96
Called number: 12
Winner Found! Type: Middle Line, Ticket ID: 937
Called number: 15
Winner Found! Type: Middle Line, Ticket ID: 937
Called number: 79
Winner Found! Type: Middle Line, Ticket ID: 937
Called number: 52
Winner Found! Type: Middle Line, Ticket ID: 937
Called number: 54
Winner Found! Type: Middle Line, Ticket ID: 937
Called number: 43
Winner Found! Type: Middle Line, Ticket ID: 937
Called number: 61
Winner Found! Type: Bottom Line, Ticket ID: 933
Winner Found! Type: Middle Line, Ticket ID: 937
Called number: 74
Winner Found! Type: Bottom Line, Ticket ID: 933
Winner Found! Type: Middle Line, Ticket ID: 937
Called number: 46
Winner Found! Type: Bottom Line, Ticket ID: 933
Winner Found! Type: Middle Line, Ticket ID: 937
Called number: 7
Winner Found! Type: Bottom Line, Ticket ID: 933
Winner Found! Type: Middle Line, Ticket ID: 937
Called number: 94
Winner Found! Type: Bottom Line, Ticket ID: 933
Winner Found! Type: Middle Line, Ticket ID: 937
Called number: 9
Winner Found! Type: Bottom Line, Ticket ID: 933
Winner Found! Type: Middle Line, Ticket ID: 937
Called number: 44
Winner Found! Type: Bottom Line, Ticket ID: 933
Winner Found! Type: Middle Line, Ticket ID: 937
Called number: 50
Winner Found! Type: Bottom Line, Ticket ID: 933
Winner Found! Type: Middle Line, Ticket ID: 937
Called number: 49
Winner Found! Type: Bottom Line, Ticket ID: 933
Winner Found! Type: Middle Line, Ticket ID: 937
Called number: 32
Winner Found! Type: Bottom Line, Ticket ID: 933
Winner Found! Type: Middle Line, Ticket ID: 937
Called number: 33
Winner Found! Type: Bottom Line, Ticket ID: 933
Winner Found! Type: Middle Line, Ticket ID: 937
Called number: 84
Winner Found! Type: Bottom Line, Ticket ID: 933
Winner Found! Type: Middle Line, Ticket ID: 937
Called number: 58
Winner Found! Type: Bottom Line, Ticket ID: 933
Winner Found! Type: Middle Line, Ticket ID: 937
Called number: 69
Winner Found! Type: Bottom Line, Ticket ID: 933
Winner Found! Type: Middle Line, Ticket ID: 937
Called number: 42
Winner Found! Type: Bottom Line, Ticket ID: 933
Winner Found! Type: Middle Line, Ticket ID: 937
Called number: 87
Winner Found! Type: Bottom Line, Ticket ID: 933
Winner Found! Type: Middle Line, Ticket ID: 937
Called number: 48
Winner Found! Type: Bottom Line, Ticket ID: 933
Winner Found! Type: Middle Line, Ticket ID: 937
Called number: 2
Winner Found! Type: Bottom Line, Ticket ID: 933
Winner Found! Type: Middle Line, Ticket ID: 937
Winner Found! Type: Top Line, Ticket ID: 942
Called number: 16
Winner Found! Type: Bottom Line, Ticket ID: 933
Winner Found! Type: Middle Line, Ticket ID: 937
Winner Found! Type: Top Line, Ticket ID: 942
Called number: 5
Winner Found! Type: Bottom Line, Ticket ID: 933
Winner Found! Type: Middle Line, Ticket ID: 937
Winner Found! Type: Top Line, Ticket ID: 942
Called number: 65
Winner Found! Type: Bottom Line, Ticket ID: 933
Winner Found! Type: Top Line, Ticket ID: 937
Winner Found! Type: Middle Line, Ticket ID: 937
Called number: 90
Winner Found! Type: Bottom Line, Ticket ID: 933
Winner Found! Type: Top Line, Ticket ID: 937
Winner Found! Type: Middle Line, Ticket ID: 937
Called number: 31
Winner Found! Type: Bottom Line, Ticket ID: 933
Winner Found! Type: Top Line, Ticket ID: 937
Winner Found! Type: Middle Line, Ticket ID: 937
Called number: 75
Winner Found! Type: Bottom Line, Ticket ID: 933
Winner Found! Type: Top Line, Ticket ID: 937
Winner Found! Type: Middle Line, Ticket ID: 937
Called number: 92
Winner Found! Type: Bottom Line, Ticket ID: 933
Winner Found! Type: Top Line, Ticket ID: 934
Winner Found! Type: Middle Line, Ticket ID: 937
Called number: 1
Winner Found! Type: Bottom Line, Ticket ID: 933
Winner Found! Type: Top Line, Ticket ID: 934
Winner Found! Type: Middle Line, Ticket ID: 937
Called number: 77
Winner Found! Type: Bottom Line, Ticket ID: 933
Winner Found! Type: Top Line, Ticket ID: 934
Winner Found! Type: Middle Line, Ticket ID: 937
Called number: 40
Winner Found! Type: Bottom Line, Ticket ID: 933
Winner Found! Type: Top Line, Ticket ID: 934
Winner Found! Type: Middle Line, Ticket ID: 937
Called number: 71
Winner Found! Type: Bottom Line, Ticket ID: 933
Winner Found! Type: Top Line, Ticket ID: 934
Winner Found! Type: Middle Line, Ticket ID: 937
Called number: 83
Winner Found! Type: Top Line, Ticket ID: 933
Winner Found! Type: Bottom Line, Ticket ID: 933
Winner Found! Type: Middle Line, Ticket ID: 937
Called number: 57
Winner Found! Type: Top Line, Ticket ID: 933
Winner Found! Type: Middle Line, Ticket ID: 933
Winner Found! Type: Bottom Line, Ticket ID: 933
Called number: 17
Winner Found! Type: Top Line, Ticket ID: 933
Winner Found! Type: Middle Line, Ticket ID: 933
Winner Found! Type: Bottom Line, Ticket ID: 933
Called number: 55
Winner Found! Type: Top Line, Ticket ID: 933
Winner Found! Type: Middle Line, Ticket ID: 933
Winner Found! Type: Bottom Line, Ticket ID: 933
Called number: 73
Winner Found! Type: Top Line, Ticket ID: 933
Winner Found! Type: Middle Line, Ticket ID: 933
Winner Found! Type: Bottom Line, Ticket ID: 933
Called number: 18
Winner Found! Type: Top Line, Ticket ID: 933
Winner Found! Type: Middle Line, Ticket ID: 933
Winner Found! Type: Bottom Line, Ticket ID: 933
Called number: 3
Winner Found! Type: Top Line, Ticket ID: 933
Winner Found! Type: Middle Line, Ticket ID: 933
Winner Found! Type: Bottom Line, Ticket ID: 933
Called number: 72
Winner Found! Type: Top Line, Ticket ID: 933
Winner Found! Type: Middle Line, Ticket ID: 933
Winner Found! Type: Bottom Line, Ticket ID: 933
Called number: 59
Winner Found! Type: Top Line, Ticket ID: 933
Winner Found! Type: Middle Line, Ticket ID: 933
Winner Found! Type: Bottom Line, Ticket ID: 933
Called number: 30
Winner Found! Type: Top Line, Ticket ID: 933
Winner Found! Type: Middle Line, Ticket ID: 933
Winner Found! Type: Bottom Line, Ticket ID: 933
Called number: 63
Winner Found! Type: Top Line, Ticket ID: 933
Winner Found! Type: Middle Line, Ticket ID: 933
Winner Found! Type: Bottom Line, Ticket ID: 933
Called number: 8
Winner Found! Type: Top Line, Ticket ID: 933
Winner Found! Type: Middle Line, Ticket ID: 933
Winner Found! Type: Bottom Line, Ticket ID: 933
Called number: 89
Winner Found! Type: Top Line, Ticket ID: 933
Winner Found! Type: Middle Line, Ticket ID: 933
Winner Found! Type: Bottom Line, Ticket ID: 933
Called number: 67
Winner Found! Type: Top Line, Ticket ID: 933
Winner Found! Type: Middle Line, Ticket ID: 933
Winner Found! Type: Bottom Line, Ticket ID: 933
Called number: 20
Winner Found! Type: Top Line, Ticket ID: 933
Winner Found! Type: Middle Line, Ticket ID: 933
Winner Found! Type: Bottom Line, Ticket ID: 933
Called number: 53
Winner Found! Type: Top Line, Ticket ID: 933
Winner Found! Type: Middle Line, Ticket ID: 933
Winner Found! Type: Bottom Line, Ticket ID: 933
Called number: 88
Winner Found! Type: Top Line, Ticket ID: 933
Winner Found! Type: Middle Line, Ticket ID: 933
Winner Found! Type: Bottom Line, Ticket ID: 933
Called number: 66
Winner Found! Type: Top Line, Ticket ID: 933
Winner Found! Type: Middle Line, Ticket ID: 933
Winner Found! Type: Bottom Line, Ticket ID: 933
Called number: 6
Winner Found! Type: Top Line, Ticket ID: 933
Winner Found! Type: Middle Line, Ticket ID: 933
Winner Found! Type: Bottom Line, Ticket ID: 933
Game ID 44 completed.
PHP script finished.
Press any key to continue . . . 
